{"files":["file-scraper/cdbc63c6-b217-4a0a-bcd6-06fc045a2f6c"],"analyses":[],"validator":"DBPTK Developer","validatorVersion":"2.11.1-DPRES","errorMessage":"Requirements for table data","type":"","outputExample":["Validator returned error.","      Validate SIARD at '/corpus/file-scraper/tests/data/application_x-siard/invalid_2.1.1_schema_errors.siard'\n      Start validation\n      Start validation of: 4.1 - Construction of the SIARD archive file\n      4.1 - Construction of the SIARD archive file\n      G_4.1-1: [OK]\n      \tG_4.1-1: [OK]\n      G_4.1-2: [OK]\n      \tG_4.1-2: [OK]\n      G_4.1-3: [OK]\n      \tG_4.1-3: [OK]\n      G_4.1-4: [OK]\n      \tG_4.1-4: [OK]\n      G_4.1-5: [OK]\n      \tG_4.1-5: [OK]\n      Construction of the SIARD archive file [PASSED]\n      Construction of the SIARD archive file [PASSED]\n      \n      Start validation of: 4.2 - Structure of the SIARD archive file\n      4.2 - Structure of the SIARD archive file\n      P_4.2-1: [OK]\n      \tP_4.2-1: [OK]\n      P_4.2-2: [OK]\n      \tP_4.2-2: [OK]\n      P_4.2-3: [OK]\n      \tP_4.2-3: [OK]\n      P_4.2-4: [OK]\n      \tP_4.2-4: [OK]\n      P_4.2-5: [OK]\n      \tP_4.2-5: [OK]\n      P_4.2-6: [OK]\n      \tP_4.2-6: [OK]\n      Structure of the SIARD archive file [PASSED]\n      Structure of the SIARD archive file [PASSED]\n      \n      Start validation of: 4.3 - Correspondence between metadata and table data\n      4.3 - Correspondence between metadata and table data\n      P_4.3-1: [OK]\n      \tP_4.3-1: [OK]\n      P_4.3-2: [OK]\n      \tP_4.3-2: [OK]\n      P_4.3-3: [ERROR]\n      Correspondence between metadata and table data [FAILED]\n      \tP_4.3-3: [ERROR] - The data type information on the column definitions in metadata.xml must be identical to that in the corresponding table[number].xsd file - For 'INTEGER' type expected 'xs:integer' but found 'xs:string' in c2 at content/schema1/table1/table1.xsd\n      Correspondence between metadata and table data [FAILED]\n      \n      Start validation of: 5.0 - Requirements for metadata\n      5.0 - Requirements for metadata\n      M_5.0-1: [OK]\n      \tM_5.0-1: [OK]\n      Requirements for metadata [PASSED]\n      \n      Requirements for metadata [PASSED]\n      Start validation of: 5.1 - Database level metadata\n      5.1 - Database level metadata\n      M_5.1-1-1: [OK]\n      \tM_5.1-1-1: [OK]\n      A_M_5.1-1-1: [OK]\n      \tA_M_5.1-1-1: [OK]\n      M_5.1-1-2: [OK]\n      \tM_5.1-1-2: [OK]\n      A_M_5.1-1-3: [OK]\n      \tA_M_5.1-1-3: [OK]\n      A_M_5.1-1-4: [OK]\n      \tA_M_5.1-1-4: [OK]\n      A_M_5.1-1-5: [OK]\n      \tA_M_5.1-1-5: [OK]\n      M_5.1-1-6: [OK]\n      \tM_5.1-1-6: [OK]\n      A_M_5.1-1-7: [OK]\n      \tA_M_5.1-1-7: [OK]\n      M_5.1-1-10: [OK]\n      \tM_5.1-1-10: [OK]\n      A_M_5.1-1-10: [OK]\n      \tA_M_5.1-1-10: [OK]\n      M_5.1-1-16: [OK]\n      \tM_5.1-1-16: [OK]\n      M_5.1-1-17: [OK]\n      \tM_5.1-1-17: [OK]\n      Database level metadata [PASSED]\n      \n      Database level metadata [PASSED]\n      Start validation of: 5.2 - Schema level metadata\n      5.2 - Schema level metadata\n      M_5.2-1-1: [OK]\n      \tM_5.2-1-1: [OK]\n      A_M_5.2-1-1: [OK]\n      \tA_M_5.2-1-1: [OK]\n      M_5.2-1-2: [OK]\n      \tM_5.2-1-2: [OK]\n      A_M_5.2-1-2: [OK]\n      \tA_M_5.2-1-2: [OK]\n      \tA_M_5.2-1-4: [WARNING] - The description element does not exist - metadata.xml schema:PUBLIC\n      A_M_5.2-1-4: [OK]\n      \tA_M_5.2-1-4: [OK]\n      Schema level metadata [PASSED]\n      \n      Schema level metadata [PASSED]\n      Start validation of: 5.3 - Type level metadata\n      5.3 - Type level metadata\n      \tM_5.3-1: [SKIPPED] - Database has no types\n      M_5.3-1: [SKIPPED]\n      Type level metadata [PASSED]\n      \n      Type level metadata [PASSED]\n      Start validation of: 5.4 - Attribute level metadata\n      5.4 - Attribute level metadata\n      \tM_5.4-1: [SKIPPED] - Database has no attributes\n      M_5.4-1: [SKIPPED]\n      Attribute level metadata [PASSED]\n      \n      Attribute level metadata [PASSED]\n      Start validation of: 5.5 - Table level metadata\n      5.5 - Table level metadata\n      M_5.5-1-1: [OK]\n      \tM_5.5-1-1: [OK]\n      A_M_5.5-1-1: [OK]\n      \tA_M_5.5-1-1: [OK]\n      M_5.5-1-2: [OK]\n      \tM_5.5-1-2: [OK]\n      \tA_M_5.5-1-3: [WARNING] - The description element does not exist - metadata.xml schema:PUBLIC/table:Persons\n      A_M_5.5-1-3: [OK]\n      \tA_M_5.5-1-3: [OK]\n      M_5.5-1-4: [OK]\n      \tM_5.5-1-4: [OK]\n      M_5.5-1-10: [OK]\n      \tM_5.5-1-10: [OK]\n      Table level metadata [PASSED]\n      \n      Table level metadata [PASSED]\n      Start validation of: 5.6 - Column level metadata\n      5.6 - Column level metadata\n      M_5.6-1-1: [OK]\n      \tM_5.6-1-1: [OK]\n      A_M_5.6-1-2: [OK]\n      \tA_M_5.6-1-2: [OK]\n      M_5.6-1-3: [OK]\n      \tM_5.6-1-3: [OK]\n      \t[NOTICE] - Different data types used [VARCHAR, INTEGER]- \n      \tA_M_5.6-1-12: [WARNING] - The description element does not exist - metadata.xml schema:PUBLIC/table:Persons/column:ID\n      \tA_M_5.6-1-12: [WARNING] - The description element does not exist - metadata.xml schema:PUBLIC/table:Persons/column:First Name\n      \tA_M_5.6-1-12: [WARNING] - The description element does not exist - metadata.xml schema:PUBLIC/table:Persons/column:Surname\n      A_M_5.6-1-12: [OK]\n      \tA_M_5.6-1-12: [OK]\n      Column level metadata [PASSED]\n      \n      Column level metadata [PASSED]\n      Start validation of: 5.7 - Field level metadata\n      5.7 - Field level metadata\n      \tM_5.7-1: [SKIPPED] - Database has no fields\n      M_5.7-1: [SKIPPED]\n      Field level metadata [PASSED]\n      \n      Field level metadata [PASSED]\n      Start validation of: 5.8 - Primary Key level metadata\n      5.8 - Primary Key level metadata\n      M_5.8-1-1: [OK]\n      \tM_5.8-1-1: [OK]\n      A_M_5.8-1-1: [OK]\n      \tA_M_5.8-1-1: [OK]\n      M_5.8-1-2: [OK]\n      \tM_5.8-1-2: [OK]\n      A_M_5.8-1-2: [OK]\n      \tA_M_5.8-1-2: [OK]\n      \tA_M_5.8-1-3: [WARNING] - The description element does not exist - metadata.xml schema:PUBLIC/table:Persons/candidateKey:SYS_PK_10368\n      A_M_5.8-1-3: [OK]\n      \tA_M_5.8-1-3: [OK]\n      Primary Key level metadata [PASSED]\n      \n      Primary Key level metadata [PASSED]\n      Start validation of: 5.9 - Foreign Key level metadata\n      5.9 - Foreign Key level metadata\n      \tM_5.9-1: [SKIPPED] - Database has no foreign keys\n      M_5.9-1: [SKIPPED]\n      Foreign Key level metadata [PASSED]\n      \n      Foreign Key level metadata [PASSED]\n      Start validation of: 5.10 - Reference level metadata\n      5.10 - Reference level metadata\n      \t5.10: [SKIPPED] - Database has no foreign keys and references\n      5.10: [SKIPPED]\n      Reference level metadata [PASSED]\n      \n      Reference level metadata [PASSED]\n      Start validation of: 5.11 - Candidate Key level metadata\n      5.11 - Candidate Key level metadata\n      M_5.11-1-1: [OK]\n      \tM_5.11-1-1: [OK]\n      A_M_5.11-1-1: [OK]\n      \tA_M_5.11-1-1: [OK]\n      M_5.11-1-2: [OK]\n      \tM_5.11-1-2: [OK]\n      A_M_5.11-1-2: [OK]\n      \tA_M_5.11-1-2: [OK]\n      \tA_M_5.11-1-3: [WARNING] - The description element does not exist - metadata.xml schema:PUBLIC/table:Persons/candidateKey:SYS_IDX_SYS_PK_10368_10369\n      A_M_5.11-1-3: [OK]\n      \tA_M_5.11-1-3: [OK]\n      Candidate Key level metadata [PASSED]\n      \n      Candidate Key level metadata [PASSED]\n      Start validation of: 5.12 - Check constraint level metadata\n      5.12 - Check constraint level metadata\n      \tM_5.12-1: [SKIPPED] - Database has no check constraint\n      M_5.12-1: [SKIPPED]\n      Check constraint level metadata [PASSED]\n      \n      Check constraint level metadata [PASSED]\n      Start validation of: 5.13 - Trigger level metadata\n      5.13 - Trigger level metadata\n      \tM_5.13-1: [SKIPPED] - Database has no triggers\n      M_5.13-1: [SKIPPED]\n      Trigger level metadata [PASSED]\n      \n      Trigger level metadata [PASSED]\n      Start validation of: 5.14 - View level metadata\n      5.14 - View level metadata\n      \tM_5.14-1: [SKIPPED] - Database has no view\n      M_5.14-1: [SKIPPED]\n      View level metadata [PASSED]\n      \n      View level metadata [PASSED]\n      Start validation of: 5.15 - Routine level metadata\n      5.15 - Routine level metadata\n      \tM_5.15-1: [SKIPPED] - Database has no routine\n      M_5.15-1: [SKIPPED]\n      Routine level metadata [PASSED]\n      \n      Routine level metadata [PASSED]\n      Start validation of: 5.16 - Parameter level metadata\n      5.16 - Parameter level metadata\n      \tM_5.16-1: [SKIPPED] - Database has no parameters\n      M_5.16-1: [SKIPPED]\n      Parameter level metadata [PASSED]\n      \n      Parameter level metadata [PASSED]\n      Start validation of: 5.17 - User level metadata\n      5.17 - User level metadata\n      M_5.17-1-1: [OK]\n      \tM_5.17-1-1: [OK]\n      A_M_5.17-1-1: [OK]\n      \tA_M_5.17-1-1: [OK]\n      A_M_5.17-1-2: [OK]\n      \tA_M_5.17-1-2: [OK]\n      User level metadata [PASSED]\n      \n      User level metadata [PASSED]\n      Start validation of: 5.18 - Role level metadata\n      5.18 - Role level metadata\n      \tM_5.18-1: [SKIPPED] - Database has no roles\n      M_5.18-1: [SKIPPED]\n      Role level metadata [PASSED]\n      \n      Role level metadata [PASSED]\n      Start validation of: 5.19 - Privilege level metadata\n      5.19 - Privilege level metadata\n      \tM_5.19-1: [SKIPPED] - Database has no privileges\n      M_5.19-1: [SKIPPED]\n      Privilege level metadata [PASSED]\n      \n      Privilege level metadata [PASSED]\n      Start validation of: T_6.0 - Requirements for table data\n      Requirements for table data T_6.0-2: [START] - Validating XML against XSD\n      content/schema1/table1/table1.xml\n      Requirements for table data T_6.0-2: [FINISH] - Validating XML against XSD\n      T_6.0-2: [OK]\n      \tT_6.0-2: [OK]\n      T_6.0 - Requirements for table data\n      Requirements for table data T_6.0-1: [START] - Validating Primary Keys\n      content/schema1/table1/table1.xml\n      content/schema1/table1/table1.xml [OK]\n      Requirements for table data T_6.0-1: [FINISH] - Validating Primary Keys\n      Requirements for table data T_6.0-1: [START] - Validating Foreign Keys\n      content/schema1/table1/table1.xml\n      content/schema1/table1/table1.xml [OK]\n      Requirements for table data T_6.0-1: [FINISH] - Validating Foreign Keys\n      T_6.0-1: [OK]\n      \tT_6.0-1: [OK]\n      Requirements for table data A_T_6.0-1-1: [START] - Validating foreign key null values\n      Requirements for table data A_T_6.0-1-1: [FINISH] - Validating foreign key null values\n      A_T_6.0-1-1: [OK]\n      \tA_T_6.0-1-1: [OK]\n      Requirements for table data A_T_6.0-1-2: [START] - Validating data type\n      content/schema1/table1/table1.xml\n      \tA_T_6.0-1-2: [ERROR] - Data type invalid - John is not in conformity with 'INTEGER' type in content/schema1/table1/table1.xml\n      \tA_T_6.0-1-2: [ERROR] - Data type invalid - Jane is not in conformity with 'INTEGER' type in content/schema1/table1/table1.xml\n      content/schema1/table1/table1.xml [ERROR]\n      Requirements for table data A_T_6.0-1-2: [FINISH] - Validating data type\n      A_T_6.0-1-2: [ERROR]\n      Requirements for table data [FAILED]\n      \tA_T_6.0-1-2: [ERROR]\n      Requirements for table data [FAILED]\n      \n      Start validation of: T_6.1 - Table schema definition\n      T_6.1 - Table schema definition\n      T_6.1-1: [OK]\n      \tT_6.1-1: [OK]\n      T_6.1-2: [OK]\n      \tT_6.1-2: [OK]\n      T_6.1-3: [OK]\n      \tT_6.1-3: [OK]\n      T_6.1-4: [OK]\n      \tT_6.1-4: [OK]\n      Table schema definition [PASSED]\n      Table schema definition [PASSED]\n      \n      Start validation of: T_6.3 - Date and timestamp data cells\n      T_6.3 - Date and timestamp data cells\n      T_6.3-1: [OK]\n      \tT_6.3-1: [OK]\n      Date and timestamp data cells [PASSED]\n      Date and timestamp data cells [PASSED]\n      \n      Start validation of: T_6.4 - Table data\n      T_6.4 - Table data\n      T_6.4-1: [OK]\n      \tT_6.4-1: [OK]\n      Table data T_6.4-2: [START] - Validating row elements\n      content/schema1/table1/table1.xml\n      content/schema1/table1/table1.xml [OK]\n      Table data T_6.4-2: [FINISH] - Validating row elements\n      T_6.4-2: [OK]\n      \tT_6.4-2: [OK]\n      T_6.4-4: [SKIPPED]\n      \tT_6.4-4: [SKIPPED] - Optional\n      T_6.4-5: [OK]\n      \tT_6.4-5: [OK]\n      Table data [PASSED]\n      Table data [PASSED]\n      \n      Number of requirements passed [25]\n      Number of sub-requirements ok [65]\n      Number of requirements failed [2]\n      Number of errors [4]\n      Number of warnings [7]\n      Number of requirements skipped [13]\n      Validation process finished the SIARD is not valid.\n      A report with a listing of information  about the individual validations could not be generated, please submit a bug report to help us fix this.\n      Validate SIARD took 0m 1s to complete.\n      Log files and migration reports were saved in /usr/share/java/dbptk-developer\n      Troubleshooting information can be found at https://github.com/keeps/dbptk-developer/wiki/Troubleshooting\n      Please report any problems at https://github.com/keeps/dbptk-developer/issues/new\n"],"notes":[]}
