{"files":["file-scraper/114f7207-5dc9-491b-a978-2394e6b8cc92"],"analyses":[],"validator":"veraPDF","validatorVersion":"1.28.2","errorMessage":"","type":"","outputExample":["<?xml version=\"1.0\" encoding=\"utf-8\"?>\n<report>\n  <buildInformation>\n    <releaseDetails id=\"core\" version=\"1.28.2\" buildDate=\"2025-07-15T16:07:00+03:00\"></releaseDetails>\n    <releaseDetails id=\"validation-model\" version=\"1.28.2\" buildDate=\"2025-07-15T16:12:00+03:00\"></releaseDetails>\n    <releaseDetails id=\"gui\" version=\"1.28.2\" buildDate=\"2025-07-15T16:59:00+03:00\"></releaseDetails>\n  </buildInformation>\n  <jobs>\n    <job>\n      <item size=\"23072\">\n        <name>/corpus/file-scraper/tests/data/application_pdf/invalid_A-1a_payload_altered.pdf</name>\n      </item>\n      <taskException type=\"PARSE\" isExecuted=\"true\" isSuccess=\"false\">\n        <duration start=\"1761751264658\" finish=\"1761751264743\">00:00:00.085</duration>\n        <exceptionMessage>Exception: Couldn't parse stream caused by exception: can not locate xref table</exceptionMessage>\n      </taskException>\n      <duration start=\"1761751264658\" finish=\"1761751264743\">00:00:00.085</duration>\n    </job>\n  </jobs>\n  <batchSummary totalJobs=\"1\" failedToParse=\"1\" encrypted=\"0\" outOfMemory=\"0\" veraExceptions=\"0\">\n    <validationReports compliant=\"0\" nonCompliant=\"0\" failedJobs=\"1\">1</validationReports>\n    <featureReports failedJobs=\"0\">0</featureReports>\n    <repairReports failedJobs=\"0\">0</repairReports>\n    <duration start=\"1761751264611\" finish=\"1761751264772\">00:00:00.161</duration>\n  </batchSummary>\n</report>\n","MIME type (:unav) with version (:unav) is not supported."],"notes":[]}
{"files":["file-scraper/cc51790d-b251-4e1a-ac86-3980981d3ee6"],"analyses":[],"validator":"veraPDF","validatorVersion":"1.28.2","errorMessage":"","type":"","outputExample":["<?xml version=\"1.0\" encoding=\"utf-8\"?>\n<report>\n  <buildInformation>\n    <releaseDetails id=\"core\" version=\"1.28.2\" buildDate=\"2025-07-15T16:07:00+03:00\"></releaseDetails>\n    <releaseDetails id=\"validation-model\" version=\"1.28.2\" buildDate=\"2025-07-15T16:12:00+03:00\"></releaseDetails>\n    <releaseDetails id=\"gui\" version=\"1.28.2\" buildDate=\"2025-07-15T16:59:00+03:00\"></releaseDetails>\n  </buildInformation>\n  <jobs>\n    <job>\n      <item size=\"23056\">\n        <name>/corpus/file-scraper/tests/data/application_pdf/invalid_A-1a_removed_xref.pdf</name>\n      </item>\n      <taskException type=\"PARSE\" isExecuted=\"true\" isSuccess=\"false\">\n        <duration start=\"1761751271703\" finish=\"1761751271835\">00:00:00.132</duration>\n        <exceptionMessage>Exception: Couldn't parse stream caused by exception: End of file is reached</exceptionMessage>\n      </taskException>\n      <duration start=\"1761751271703\" finish=\"1761751271835\">00:00:00.132</duration>\n    </job>\n  </jobs>\n  <batchSummary totalJobs=\"1\" failedToParse=\"1\" encrypted=\"0\" outOfMemory=\"0\" veraExceptions=\"0\">\n    <validationReports compliant=\"0\" nonCompliant=\"0\" failedJobs=\"1\">1</validationReports>\n    <featureReports failedJobs=\"0\">0</featureReports>\n    <repairReports failedJobs=\"0\">0</repairReports>\n    <duration start=\"1761751271673\" finish=\"1761751271864\">00:00:00.191</duration>\n  </batchSummary>\n</report>\n","MIME type (:unav) with version (:unav) is not supported."],"notes":[]}
{"files":["file-scraper/a4992834-6697-48b5-a104-e70c7dee22eb"],"analyses":[],"validator":"veraPDF","validatorVersion":"1.28.2","errorMessage":"","type":"","outputExample":["<?xml version=\"1.0\" encoding=\"utf-8\"?>\n<report>\n  <buildInformation>\n    <releaseDetails id=\"core\" version=\"1.28.2\" buildDate=\"2025-07-15T16:07:00+03:00\"></releaseDetails>\n    <releaseDetails id=\"validation-model\" version=\"1.28.2\" buildDate=\"2025-07-15T16:12:00+03:00\"></releaseDetails>\n    <releaseDetails id=\"gui\" version=\"1.28.2\" buildDate=\"2025-07-15T16:59:00+03:00\"></releaseDetails>\n  </buildInformation>\n  <jobs>\n    <job>\n      <item size=\"12778\">\n        <name>/corpus/file-scraper/tests/data/application_pdf/invalid_A-2b_payload_altered.pdf</name>\n      </item>\n      <taskException type=\"PARSE\" isExecuted=\"true\" isSuccess=\"false\">\n        <duration start=\"1761751293669\" finish=\"1761751293765\">00:00:00.096</duration>\n        <exceptionMessage>Exception: Couldn't parse stream caused by exception: can not locate xref table</exceptionMessage>\n      </taskException>\n      <duration start=\"1761751293669\" finish=\"1761751293765\">00:00:00.096</duration>\n    </job>\n  </jobs>\n  <batchSummary totalJobs=\"1\" failedToParse=\"1\" encrypted=\"0\" outOfMemory=\"0\" veraExceptions=\"0\">\n    <validationReports compliant=\"0\" nonCompliant=\"0\" failedJobs=\"1\">1</validationReports>\n    <featureReports failedJobs=\"0\">0</featureReports>\n    <repairReports failedJobs=\"0\">0</repairReports>\n    <duration start=\"1761751293602\" finish=\"1761751293805\">00:00:00.203</duration>\n  </batchSummary>\n</report>\n","MIME type (:unav) with version (:unav) is not supported."],"notes":[]}
{"files":["file-scraper/0de7ba37-03da-4f5b-9928-404bdececd42"],"analyses":[],"validator":"veraPDF","validatorVersion":"1.28.2","errorMessage":"","type":"","outputExample":["<?xml version=\"1.0\" encoding=\"utf-8\"?>\n<report>\n  <buildInformation>\n    <releaseDetails id=\"core\" version=\"1.28.2\" buildDate=\"2025-07-15T16:07:00+03:00\"></releaseDetails>\n    <releaseDetails id=\"validation-model\" version=\"1.28.2\" buildDate=\"2025-07-15T16:12:00+03:00\"></releaseDetails>\n    <releaseDetails id=\"gui\" version=\"1.28.2\" buildDate=\"2025-07-15T16:59:00+03:00\"></releaseDetails>\n  </buildInformation>\n  <jobs>\n    <job>\n      <item size=\"12785\">\n        <name>/corpus/file-scraper/tests/data/application_pdf/invalid_A-2b_removed_xref.pdf</name>\n      </item>\n      <taskException type=\"PARSE\" isExecuted=\"true\" isSuccess=\"false\">\n        <duration start=\"1761751300404\" finish=\"1761751300512\">00:00:00.108</duration>\n        <exceptionMessage>Exception: Couldn't parse stream caused by exception: End of file is reached</exceptionMessage>\n      </taskException>\n      <duration start=\"1761751300404\" finish=\"1761751300512\">00:00:00.108</duration>\n    </job>\n  </jobs>\n  <batchSummary totalJobs=\"1\" failedToParse=\"1\" encrypted=\"0\" outOfMemory=\"0\" veraExceptions=\"0\">\n    <validationReports compliant=\"0\" nonCompliant=\"0\" failedJobs=\"1\">1</validationReports>\n    <featureReports failedJobs=\"0\">0</featureReports>\n    <repairReports failedJobs=\"0\">0</repairReports>\n    <duration start=\"1761751300368\" finish=\"1761751300545\">00:00:00.177</duration>\n  </batchSummary>\n</report>\n","MIME type (:unav) with version (:unav) is not supported."],"notes":[]}
{"files":["file-scraper/605fba04-371d-4de8-a1cc-a07bd4c80660"],"analyses":[],"validator":"veraPDF","validatorVersion":"1.28.2","errorMessage":"","type":"","outputExample":["<?xml version=\"1.0\" encoding=\"utf-8\"?>\n<report>\n  <buildInformation>\n    <releaseDetails id=\"core\" version=\"1.28.2\" buildDate=\"2025-07-15T16:07:00+03:00\"></releaseDetails>\n    <releaseDetails id=\"validation-model\" version=\"1.28.2\" buildDate=\"2025-07-15T16:12:00+03:00\"></releaseDetails>\n    <releaseDetails id=\"gui\" version=\"1.28.2\" buildDate=\"2025-07-15T16:59:00+03:00\"></releaseDetails>\n  </buildInformation>\n  <jobs>\n    <job>\n      <item size=\"12805\">\n        <name>/corpus/file-scraper/tests/data/application_pdf/invalid_A-2b_wrong_version.pdf</name>\n      </item>\n      <validationReport jobEndStatus=\"normal\" profileName=\"PDF/A-2B validation profile\" statement=\"PDF file is not compliant with Validation Profile requirements.\" isCompliant=\"false\">\n        <details passedRules=\"143\" failedRules=\"1\" passedChecks=\"683\" failedChecks=\"1\">\n          <rule specification=\"ISO 19005-2:2011\" clause=\"6.1.2\" testNumber=\"1\" status=\"failed\" failedChecks=\"1\">\n            <description>The file header shall begin at byte zero and shall consist of \"%PDF-1.n\" followed by a single EOL marker, where 'n' is a single digit number between 0 (30h) and 7 (37h)</description>\n            <object>CosDocument</object>\n            <test>headerOffset == 0 &amp;&amp; /^%PDF-1\\.[0-7]$/.test(header)</test>\n            <check status=\"failed\">\n              <context>root</context>\n              <errorMessage>File header %PDF-1.8 (offset = 0) starts at non-zero offset or does not match the pattern %PDF-1.n, where 'n' is a single digit number between 0 and 7</errorMessage>\n            </check>\n          </rule>\n        </details>\n      </validationReport>\n      <duration start=\"1761751307246\" finish=\"1761751308296\">00:00:01.050</duration>\n    </job>\n  </jobs>\n  <batchSummary totalJobs=\"1\" failedToParse=\"0\" encrypted=\"0\" outOfMemory=\"0\" veraExceptions=\"0\">\n    <validationReports compliant=\"0\" nonCompliant=\"1\" failedJobs=\"0\">1</validationReports>\n    <featureReports failedJobs=\"0\">0</featureReports>\n    <repairReports failedJobs=\"0\">0</repairReports>\n    <duration start=\"1761751307088\" finish=\"1761751308358\">00:00:01.270</duration>\n  </batchSummary>\n</report>\n","MIME type (:unav) with version (:unav) is not supported."],"notes":[]}
{"files":["file-scraper/87af55ef-9b6e-4f05-8c04-3e146c310efe"],"analyses":[],"validator":"veraPDF","validatorVersion":"1.28.2","errorMessage":"","type":"","outputExample":["<?xml version=\"1.0\" encoding=\"utf-8\"?>\n<report>\n  <buildInformation>\n    <releaseDetails id=\"core\" version=\"1.28.2\" buildDate=\"2025-07-15T16:07:00+03:00\"></releaseDetails>\n    <releaseDetails id=\"validation-model\" version=\"1.28.2\" buildDate=\"2025-07-15T16:12:00+03:00\"></releaseDetails>\n    <releaseDetails id=\"gui\" version=\"1.28.2\" buildDate=\"2025-07-15T16:59:00+03:00\"></releaseDetails>\n  </buildInformation>\n  <jobs>\n    <job>\n      <item size=\"12717\">\n        <name>/corpus/file-scraper/tests/data/application_pdf/invalid_A-3b_payload_altered.pdf</name>\n      </item>\n      <taskException type=\"PARSE\" isExecuted=\"true\" isSuccess=\"false\">\n        <duration start=\"1761751323287\" finish=\"1761751323382\">00:00:00.095</duration>\n        <exceptionMessage>Exception: Couldn't parse stream caused by exception: can not locate xref table</exceptionMessage>\n      </taskException>\n      <duration start=\"1761751323287\" finish=\"1761751323382\">00:00:00.095</duration>\n    </job>\n  </jobs>\n  <batchSummary totalJobs=\"1\" failedToParse=\"1\" encrypted=\"0\" outOfMemory=\"0\" veraExceptions=\"0\">\n    <validationReports compliant=\"0\" nonCompliant=\"0\" failedJobs=\"1\">1</validationReports>\n    <featureReports failedJobs=\"0\">0</featureReports>\n    <repairReports failedJobs=\"0\">0</repairReports>\n    <duration start=\"1761751323237\" finish=\"1761751323405\">00:00:00.168</duration>\n  </batchSummary>\n</report>\n","MIME type (:unav) with version (:unav) is not supported."],"notes":[]}
{"files":["file-scraper/f1856ee2-1690-43f1-8902-516dd6ba077e"],"analyses":[],"validator":"veraPDF","validatorVersion":"1.28.2","errorMessage":"","type":"","outputExample":["<?xml version=\"1.0\" encoding=\"utf-8\"?>\n<report>\n  <buildInformation>\n    <releaseDetails id=\"core\" version=\"1.28.2\" buildDate=\"2025-07-15T16:07:00+03:00\"></releaseDetails>\n    <releaseDetails id=\"validation-model\" version=\"1.28.2\" buildDate=\"2025-07-15T16:12:00+03:00\"></releaseDetails>\n    <releaseDetails id=\"gui\" version=\"1.28.2\" buildDate=\"2025-07-15T16:59:00+03:00\"></releaseDetails>\n  </buildInformation>\n  <jobs>\n    <job>\n      <item size=\"12785\">\n        <name>/corpus/file-scraper/tests/data/application_pdf/invalid_A-3b_removed_xref.pdf</name>\n      </item>\n      <taskException type=\"PARSE\" isExecuted=\"true\" isSuccess=\"false\">\n        <duration start=\"1761751330042\" finish=\"1761751330142\">00:00:00.100</duration>\n        <exceptionMessage>Exception: Couldn't parse stream caused by exception: End of file is reached</exceptionMessage>\n      </taskException>\n      <duration start=\"1761751330042\" finish=\"1761751330142\">00:00:00.100</duration>\n    </job>\n  </jobs>\n  <batchSummary totalJobs=\"1\" failedToParse=\"1\" encrypted=\"0\" outOfMemory=\"0\" veraExceptions=\"0\">\n    <validationReports compliant=\"0\" nonCompliant=\"0\" failedJobs=\"1\">1</validationReports>\n    <featureReports failedJobs=\"0\">0</featureReports>\n    <repairReports failedJobs=\"0\">0</repairReports>\n    <duration start=\"1761751329988\" finish=\"1761751330170\">00:00:00.182</duration>\n  </batchSummary>\n</report>\n","MIME type (:unav) with version (:unav) is not supported."],"notes":[]}
{"files":["file-scraper/467e9ad2-a091-4af1-b364-fee4ce6fa320"],"analyses":[],"validator":"veraPDF","validatorVersion":"1.28.2","errorMessage":"","type":"","outputExample":["<?xml version=\"1.0\" encoding=\"utf-8\"?>\n<report>\n  <buildInformation>\n    <releaseDetails id=\"core\" version=\"1.28.2\" buildDate=\"2025-07-15T16:07:00+03:00\"></releaseDetails>\n    <releaseDetails id=\"validation-model\" version=\"1.28.2\" buildDate=\"2025-07-15T16:12:00+03:00\"></releaseDetails>\n    <releaseDetails id=\"gui\" version=\"1.28.2\" buildDate=\"2025-07-15T16:59:00+03:00\"></releaseDetails>\n  </buildInformation>\n  <jobs>\n    <job>\n      <item size=\"12805\">\n        <name>/corpus/file-scraper/tests/data/application_pdf/invalid_A-3b_wrong_version.pdf</name>\n      </item>\n      <validationReport jobEndStatus=\"normal\" profileName=\"PDF/A-3B validation profile\" statement=\"PDF file is not compliant with Validation Profile requirements.\" isCompliant=\"false\">\n        <details passedRules=\"145\" failedRules=\"1\" passedChecks=\"683\" failedChecks=\"1\">\n          <rule specification=\"ISO 19005-3:2012\" clause=\"6.1.2\" testNumber=\"1\" status=\"failed\" failedChecks=\"1\">\n            <description>The file header shall begin at byte zero and shall consist of \"%PDF-1.n\" followed by a single EOL marker, where 'n' is a single digit number between 0 (30h) and 7 (37h)</description>\n            <object>CosDocument</object>\n            <test>headerOffset == 0 &amp;&amp; /^%PDF-1\\.[0-7]$/.test(header)</test>\n            <check status=\"failed\">\n              <context>root</context>\n              <errorMessage>File header %PDF-1.8 (offset = 0) starts at non-zero offset or does not match the pattern %PDF-1.n, where 'n' is a single digit number between 0 and 7</errorMessage>\n            </check>\n          </rule>\n        </details>\n      </validationReport>\n      <duration start=\"1761751336870\" finish=\"1761751337907\">00:00:01.037</duration>\n    </job>\n  </jobs>\n  <batchSummary totalJobs=\"1\" failedToParse=\"0\" encrypted=\"0\" outOfMemory=\"0\" veraExceptions=\"0\">\n    <validationReports compliant=\"0\" nonCompliant=\"1\" failedJobs=\"0\">1</validationReports>\n    <featureReports failedJobs=\"0\">0</featureReports>\n    <repairReports failedJobs=\"0\">0</repairReports>\n    <duration start=\"1761751336718\" finish=\"1761751337960\">00:00:01.242</duration>\n  </batchSummary>\n</report>\n","MIME type (:unav) with version (:unav) is not supported."],"notes":[]}
{"files":["corpus/file/b6ebdb73-1207-40c8-ade3-946cf2616cc7"],"analyses":[],"validator":"veraPDF","validatorVersion":"1.28.2","errorMessage":"","type":"","outputExample":["<?xml version=\"1.0\" encoding=\"utf-8\"?>\n<report>\n  <buildInformation>\n    <releaseDetails id=\"core\" version=\"1.28.2\" buildDate=\"2025-07-15T16:07:00+03:00\"></releaseDetails>\n    <releaseDetails id=\"validation-model\" version=\"1.28.2\" buildDate=\"2025-07-15T16:12:00+03:00\"></releaseDetails>\n    <releaseDetails id=\"gui\" version=\"1.28.2\" buildDate=\"2025-07-15T16:59:00+03:00\"></releaseDetails>\n  </buildInformation>\n  <jobs>\n    <job>\n      <item size=\"5632355\">\n        <name>/corpus/format-corpus/govdocs1-error-pdfs/error_set_1/499039.pdf</name>\n      </item>\n      <validationReport jobEndStatus=\"normal\" profileName=\"PDF/A-1B validation profile\" statement=\"PDF file is not compliant with Validation Profile requirements.\" isCompliant=\"false\">\n        <details passedRules=\"122\" failedRules=\"7\" passedChecks=\"1952139\" failedChecks=\"55189\">\n          <rule specification=\"ISO 19005-1:2005\" clause=\"6.5.3\" testNumber=\"3\" status=\"failed\" failedChecks=\"3250\">\n            <description>An annotation dictionary shall not contain the C array or the IC array unless the colour space of the DestOutputProfile in the PDF/A-1 OutputIntent dictionary, defined in 6.2.2, is RGB</description>\n            <object>PDAnnot</object>\n            <test>(containsC == false &amp;&amp; containsIC == false) || gOutputCS == \"RGB \"</test>\n            <check status=\"failed\">\n              <context>root/document[0]/pages[378](1223 0 obj PDPage)/annots[1](1225 0 obj PDLinkAnnot)</context>\n              <errorMessage>Annotation's color (C present = true) or interior color (IC present = false) is used without specifying RGB-based destination output profile</errorMessage>\n            </check>\n            <check status=\"failed\">\n              <context>root/document[0]/pages[414](1347 0 obj PDPage)/annots[1](1350 0 obj PDLinkAnnot)</context>\n              <errorMessage>Annotation's color (C present = true) or interior color (IC present = false) is used without specifying RGB-based destination output profile</errorMessage>\n            </check>\n            <check status=\"failed\">\n              <context>root/document[0]/pages[414](1347 0 obj PDPage)/annots[2](1351 0 obj PDLinkAnnot)</context>\n              <errorMessage>Annotation's color (C present = true) or interior color (IC present = false) is used without specifying RGB-based destination output profile</errorMessage>\n            </check>\n            <check status=\"failed\">\n              <context>root/document[0]/pages[414](1347 0 obj PDPage)/annots[3](1352 0 obj PDLinkAnnot)</context>\n              <errorMessage>Annotation's color (C present = true) or interior color (IC present = false) is used without specifying RGB-based destination output profile</errorMessage>\n            </check>\n            <check status=\"failed\">\n              <context>root/document[0]/pages[414](1347 0 obj PDPage)/annots[4](1353 0 obj PDLinkAnnot)</context>\n              <errorMessage>Annotation's color (C present = true) or interior color (IC present = false) is used without specifying RGB-based destination output profile</errorMessage>\n            </check>\n            <check status=\"failed\">\n              <context>root/document[0]/pages[414](1347 0 obj PDPage)/annots[5](1354 0 obj PDLinkAnnot)</context>\n              <errorMessage>Annotation's color (C present = true) or interior color (IC present = false) is used without specifying RGB-based destination output profile</errorMessage>\n            </check>\n            <check status=\"failed\">\n              <context>root/document[0]/pages[414](1347 0 obj PDPage)/annots[6](1355 0 obj PDLinkAnnot)</context>\n              <errorMessage>Annotation's color (C present = true) or interior color (IC present = false) is used without specifying RGB-based destination output profile</errorMessage>\n            </check>\n            <check status=\"failed\">\n              <context>root/document[0]/pages[414](1347 0 obj PDPage)/annots[7](1356 0 obj PDLinkAnnot)</context>\n              <errorMessage>Annotation's color (C present = true) or interior color (IC present = false) is used without specifying RGB-based destination output profile</errorMessage>\n            </check>\n            <check status=\"failed\">\n              <context>root/document[0]/pages[414](1347 0 obj PDPage)/annots[8](1357 0 obj PDLinkAnnot)</context>\n              <errorMessage>Annotation's color (C present = true) or interior color (IC present = false) is used without specifying RGB-based destination output profile</errorMessage>\n            </check>\n            <check status=\"failed\">\n              <context>root/document[0]/pages[414](1347 0 obj PDPage)/annots[9](1358 0 obj PDLinkAnnot)</context>\n              <errorMessage>Annotation's color (C present = true) or interior color (IC present = false) is used without specifying RGB-based destination output profile</errorMessage>\n            </check>\n            <check status=\"failed\">\n              <context>root/document[0]/pages[414](1347 0 obj PDPage)/annots[10](1359 0 obj PDLinkAnnot)</context>\n              <errorMessage>Annotation's color (C present = true) or interior color (IC present = false) is used without specifying RGB-based destination output profile</errorMessage>\n            </check>\n            <check status=\"failed\">\n              <context>root/document[0]/pages[414](1347 0 obj PDPage)/annots[11](1360 0 obj PDLinkAnnot)</context>\n              <errorMessage>Annotation's color (C present = true) or interior color (IC present = false) is used without specifying RGB-based destination output profile</errorMessage>\n            </check>\n            <check status=\"failed\">\n              <context>root/document[0]/pages[414](1347 0 obj PDPage)/annots[12](1361 0 obj PDLinkAnnot)</context>\n              <errorMessage>Annotation's color (C present = true) or interior color (IC present = false) is used without specifying RGB-based destination output profile</errorMessage>\n            </check>\n            <check status=\"failed\">\n              <context>root/document[0]/pages[414](1347 0 obj PDPage)/annots[13](1362 0 obj PDLinkAnnot)</context>\n              <errorMessage>Annotation's color (C present = true) or interior color (IC present = false) is used without specifying RGB-based destination output profile</errorMessage>\n            </check>\n            <check status=\"failed\">\n              <context>root/document[0]/pages[414](1347 0 obj PDPage)/annots[14](1363 0 obj PDLinkAnnot)</context>\n              <errorMessage>Annotation's color (C present = true) or interior color (IC present = false) is used without specifying RGB-based destination output profile</errorMessage>\n            </check>\n            <check status=\"failed\">\n              <context>root/document[0]/pages[414](1347 0 obj PDPage)/annots[15](1364 0 obj PDLinkAnnot)</context>\n              <errorMessage>Annotation's color (C present = true) or interior color (IC present = false) is used without specifying RGB-based destination output profile</errorMessage>\n            </check>\n            <check status=\"failed\">\n              <context>root/document[0]/pages[414](1347 0 obj PDPage)/annots[16](1365 0 obj PDLinkAnnot)</context>\n              <errorMessage>Annotation's color (C present = true) or interior color (IC present = false) is used without specifying RGB-based destination output profile</errorMessage>\n            </check>\n            <check status=\"failed\">\n              <context>root/document[0]/pages[414](1347 0 obj PDPage)/annots[17](1366 0 obj PDLinkAnnot)</context>\n              <errorMessage>Annotation's color (C present = true) or interior color (IC present = false) is used without specifying RGB-based destination output profile</errorMessage>\n            </check>\n            <check status=\"failed\">\n              <context>root/document[0]/pages[414](1347 0 obj PDPage)/annots[18](1367 0 obj PDLinkAnnot)</context>\n              <errorMessage>Annotation's color (C present = true) or interior color (IC present = false) is used without specifying RGB-based destination output profile</errorMessage>\n            </check>\n            <check status=\"failed\">\n              <context>root/document[0]/pages[414](1347 0 obj PDPage)/annots[19](1368 0 obj PDLinkAnnot)</context>\n              <errorMessage>Annotation's color (C present = true) or interior color (IC present = false) is used without specifying RGB-based destination output profile</errorMessage>\n            </check>\n            <check status=\"failed\">\n              <context>root/document[0]/pages[414](1347 0 obj PDPage)/annots[20](1369 0 obj PDLinkAnnot)</context>\n              <errorMessage>Annotation's color (C present = true) or interior color (IC present = false) is used without specifying RGB-based destination output profile</errorMessage>\n            </check>\n            <check status=\"failed\">\n              <context>root/document[0]/pages[414](1347 0 obj PDPage)/annots[21](1370 0 obj PDLinkAnnot)</context>\n              <errorMessage>Annotation's color (C present = true) or interior color (IC present = false) is used without specifying RGB-based destination output profile</errorMessage>\n            </check>\n            <check status=\"failed\">\n              <context>root/document[0]/pages[414](1347 0 obj PDPage)/annots[22](1371 0 obj PDLinkAnnot)</context>\n              <errorMessage>Annotation's color (C present = true) or interior color (IC present = false) is used without specifying RGB-based destination output profile</errorMessage>\n            </check>\n            <check status=\"failed\">\n              <context>root/document[0]/pages[414](1347 0 obj PDPage)/annots[23](1372 0 obj PDLinkAnnot)</context>\n              <errorMessage>Annotation's color (C present = true) or interior color (IC present = false) is used without specifying RGB-based destination output profile</errorMessage>\n            </check>\n            <check status=\"failed\">\n              <context>root/document[0]/pages[414](1347 0 obj PDPage)/annots[24](1373 0 obj PDLinkAnnot)</context>\n              <errorMessage>Annotation's color (C present = true) or interior color (IC present = false) is used without specifying RGB-based destination output profile</errorMessage>\n            </check>\n            <check status=\"failed\">\n              <context>root/document[0]/pages[414](1347 0 obj PDPage)/annots[25](1374 0 obj PDLinkAnnot)</context>\n              <errorMessage>Annotation's color (C present = true) or interior color (IC present = false) is used without specifying RGB-based destination output profile</errorMessage>\n            </check>\n            <check status=\"failed\">\n              <context>root/document[0]/pages[414](1347 0 obj PDPage)/annots[26](1375 0 obj PDLinkAnnot)</context>\n              <errorMessage>Annotation's color (C present = true) or interior color (IC present = false) is used without specifying RGB-based destination output profile</errorMessage>\n            </check>\n            <check status=\"failed\">\n              <context>root/document[0]/pages[414](1347 0 obj PDPage)/annots[27](1376 0 obj PDLinkAnnot)</context>\n              <errorMessage>Annotation's color (C present = true) or interior color (IC present = false) is used without specifying RGB-based destination output profile</errorMessage>\n            </check>\n            <check status=\"failed\">\n              <context>root/document[0]/pages[414](1347 0 obj PDPage)/annots[28](1377 0 obj PDLinkAnnot)</context>\n              <errorMessage>Annotation's color (C present = true) or interior color (IC present = false) is used without specifying RGB-based destination output profile</errorMessage>\n            </check>\n            <check status=\"failed\">\n              <context>root/document[0]/pages[414](1347 0 obj PDPage)/annots[29](1378 0 obj PDLinkAnnot)</context>\n              <errorMessage>Annotation's color (C present = true) or interior color (IC present = false) is used without specifying RGB-based destination output profile</errorMessage>\n            </check>\n            <check status=\"failed\">\n              <context>root/document[0]/pages[414](1347 0 obj PDPage)/annots[30](1379 0 obj PDLinkAnnot)</context>\n              <errorMessage>Annotation's color (C present = true) or interior color (IC present = false) is used without specifying RGB-based destination output profile</errorMessage>\n            </check>\n            <check status=\"failed\">\n              <context>root/document[0]/pages[414](1347 0 obj PDPage)/annots[31](1380 0 obj PDLinkAnnot)</context>\n              <errorMessage>Annotation's color (C present = true) or interior color (IC present = false) is used without specifying RGB-based destination output profile</errorMessage>\n            </check>\n            <check status=\"failed\">\n              <context>root/document[0]/pages[414](1347 0 obj PDPage)/annots[32](1381 0 obj PDLinkAnnot)</context>\n              <errorMessage>Annotation's color (C present = true) or interior color (IC present = false) is used without specifying RGB-based destination output profile</errorMessage>\n            </check>\n            <check status=\"failed\">\n              <context>root/document[0]/pages[414](1347 0 obj PDPage)/annots[33](1382 0 obj PDLinkAnnot)</context>\n              <errorMessage>Annotation's color (C present = true) or interior color (IC present = false) is used without specifying RGB-based destination output profile</errorMessage>\n            </check>\n            <check status=\"failed\">\n              <context>root/document[0]/pages[414](1347 0 obj PDPage)/annots[34](1383 0 obj PDLinkAnnot)</context>\n              <errorMessage>Annotation's color (C present = true) or interior color (IC present = false) is used without specifying RGB-based destination output profile</errorMessage>\n            </check>\n            <check status=\"failed\">\n              <context>root/document[0]/pages[414](1347 0 obj PDPage)/annots[35](1384 0 obj PDLinkAnnot)</context>\n              <errorMessage>Annotation's color (C present = true) or interior color (IC present = false) is used without specifying RGB-based destination output profile</errorMessage>\n            </check>\n            <check status=\"failed\">\n              <context>root/document[0]/pages[414](1347 0 obj PDPage)/annots[36](1385 0 obj PDLinkAnnot)</context>\n              <errorMessage>Annotation's color (C present = true) or interior color (IC present = false) is used without specifying RGB-based destination output profile</errorMessage>\n            </check>\n            <check status=\"failed\">\n              <context>root/document[0]/pages[414](1347 0 obj PDPage)/annots[37](1386 0 obj PDLinkAnnot)</context>\n              <errorMessage>Annotation's color (C present = true) or interior color (IC present = false) is used without specifying RGB-based destination output profile</errorMessage>\n            </check>\n            <check status=\"failed\">\n              <context>root/document[0]/pages[414](1347 0 obj PDPage)/annots[38](1387 0 obj PDLinkAnnot)</context>\n              <errorMessage>Annotation's color (C present = true) or interior color (IC present = false) is used without specifying RGB-based destination output profile</errorMessage>\n            </check>\n            <check status=\"failed\">\n              <context>root/document[0]/pages[414](1347 0 obj PDPage)/annots[39](1388 0 obj PDLinkAnnot)</context>\n              <errorMessage>Annotation's color (C present = true) or interior color (IC present = false) is used without specifying RGB-based destination output profile</errorMessage>\n            </check>\n            <check status=\"failed\">\n              <context>root/document[0]/pages[414](1347 0 obj PDPage)/annots[40](1389 0 obj PDLinkAnnot)</context>\n              <errorMessage>Annotation's color (C present = true) or interior color (IC present = false) is used without specifying RGB-based destination output profile</errorMessage>\n            </check>\n            <check status=\"failed\">\n              <context>root/document[0]/pages[414](1347 0 obj PDPage)/annots[41](1390 0 obj PDLinkAnnot)</context>\n              <errorMessage>Annotation's color (C present = true) or interior color (IC present = false) is used without specifying RGB-based destination output profile</errorMessage>\n            </check>\n            <check status=\"failed\">\n              <context>root/document[0]/pages[414](1347 0 obj PDPage)/annots[42](1391 0 obj PDLinkAnnot)</context>\n              <errorMessage>Annotation's color (C present = true) or interior color (IC present = false) is used without specifying RGB-based destination output profile</errorMessage>\n            </check>\n            <check status=\"failed\">\n              <context>root/document[0]/pages[414](1347 0 obj PDPage)/annots[43](1392 0 obj PDLinkAnnot)</context>\n              <errorMessage>Annotation's color (C present = true) or interior color (IC present = false) is used without specifying RGB-based destination output profile</errorMessage>\n            </check>\n            <check status=\"failed\">\n              <context>root/document[0]/pages[414](1347 0 obj PDPage)/annots[44](1393 0 obj PDLinkAnnot)</context>\n              <errorMessage>Annotation's color (C present = true) or interior color (IC present = false) is used without specifying RGB-based destination output profile</errorMessage>\n            </check>\n            <check status=\"failed\">\n              <context>root/document[0]/pages[414](1347 0 obj PDPage)/annots[45](1394 0 obj PDLinkAnnot)</context>\n              <errorMessage>Annotation's color (C present = true) or interior color (IC present = false) is used without specifying RGB-based destination output profile</errorMessage>\n            </check>\n            <check status=\"failed\">\n              <context>root/document[0]/pages[414](1347 0 obj PDPage)/annots[46](1395 0 obj PDLinkAnnot)</context>\n              <errorMessage>Annotation's color (C present = true) or interior color (IC present = false) is used without specifying RGB-based destination output profile</errorMessage>\n            </check>\n            <check status=\"failed\">\n              <context>root/document[0]/pages[414](1347 0 obj PDPage)/annots[47](1396 0 obj PDLinkAnnot)</context>\n              <errorMessage>Annotation's color (C present = true) or interior color (IC present = false) is used without specifying RGB-based destination output profile</errorMessage>\n            </check>\n            <check status=\"failed\">\n              <context>root/document[0]/pages[414](1347 0 obj PDPage)/annots[48](1397 0 obj PDLinkAnnot)</context>\n              <errorMessage>Annotation's color (C present = true) or interior color (IC present = false) is used without specifying RGB-based destination output profile</errorMessage>\n            </check>\n            <check status=\"failed\">\n              <context>root/document[0]/pages[414](1347 0 obj PDPage)/annots[49](1398 0 obj PDLinkAnnot)</context>\n              <errorMessage>Annotation's color (C present = true) or interior color (IC present = false) is used without specifying RGB-based destination output profile</errorMessage>\n            </check>\n            <check status=\"failed\">\n              <context>root/document[0]/pages[414](1347 0 obj PDPage)/annots[50](1399 0 obj PDLinkAnnot)</context>\n              <errorMessage>Annotation's color (C present = true) or interior color (IC present = false) is used without specifying RGB-based destination output profile</errorMessage>\n            </check>\n            <check status=\"failed\">\n              <context>root/document[0]/pages[414](1347 0 obj PDPage)/annots[51](1400 0 obj PDLinkAnnot)</context>\n              <errorMessage>Annotation's color (C present = true) or interior color (IC present = false) is used without specifying RGB-based destination output profile</errorMessage>\n            </check>\n            <check status=\"failed\">\n              <context>root/document[0]/pages[414](1347 0 obj PDPage)/annots[52](1401 0 obj PDLinkAnnot)</context>\n              <errorMessage>Annotation's color (C present = true) or interior color (IC present = false) is used without specifying RGB-based destination output profile</errorMessage>\n            </check>\n            <check status=\"failed\">\n              <context>root/document[0]/pages[414](1347 0 obj PDPage)/annots[53](1402 0 obj PDLinkAnnot)</context>\n              <errorMessage>Annotation's color (C present = true) or interior color (IC present = false) is used without specifying RGB-based destination output profile</errorMessage>\n            </check>\n            <check status=\"failed\">\n              <context>root/document[0]/pages[414](1347 0 obj PDPage)/annots[54](1403 0 obj PDLinkAnnot)</context>\n              <errorMessage>Annotation's color (C present = true) or interior color (IC present = false) is used without specifying RGB-based destination output profile</errorMessage>\n            </check>\n            <check status=\"failed\">\n              <context>root/document[0]/pages[415](1459 0 obj PDPage)/annots[1](1461 0 obj PDLinkAnnot)</context>\n              <errorMessage>Annotation's color (C present = true) or interior color (IC present = false) is used without specifying RGB-based destination output profile</errorMessage>\n            </check>\n            <check status=\"failed\">\n              <context>root/document[0]/pages[415](1459 0 obj PDPage)/annots[2](1462 0 obj PDLinkAnnot)</context>\n              <errorMessage>Annotation's color (C present = true) or interior color (IC present = false) is used without specifying RGB-based destination output profile</errorMessage>\n            </check>\n            <check status=\"failed\">\n              <context>root/document[0]/pages[415](1459 0 obj PDPage)/annots[3](1463 0 obj PDLinkAnnot)</context>\n              <errorMessage>Annotation's color (C present = true) or interior color (IC present = false) is used without specifying RGB-based destination output profile</errorMessage>\n            </check>\n            <check status=\"failed\">\n              <context>root/document[0]/pages[415](1459 0 obj PDPage)/annots[4](1464 0 obj PDLinkAnnot)</context>\n              <errorMessage>Annotation's color (C present = true) or interior color (IC present = false) is used without specifying RGB-based destination output profile</errorMessage>\n            </check>\n            <check status=\"failed\">\n              <context>root/document[0]/pages[415](1459 0 obj PDPage)/annots[5](1465 0 obj PDLinkAnnot)</context>\n              <errorMessage>Annotation's color (C present = true) or interior color (IC present = false) is used without specifying RGB-based destination output profile</errorMessage>\n            </check>\n            <check status=\"failed\">\n              <context>root/document[0]/pages[415](1459 0 obj PDPage)/annots[6](1466 0 obj PDLinkAnnot)</context>\n              <errorMessage>Annotation's color (C present = true) or interior color (IC present = false) is used without specifying RGB-based destination output profile</errorMessage>\n            </check>\n            <check status=\"failed\">\n              <context>root/document[0]/pages[415](1459 0 obj PDPage)/annots[7](1467 0 obj PDLinkAnnot)</context>\n              <errorMessage>Annotation's color (C present = true) or interior color (IC present = false) is used without specifying RGB-based destination output profile</errorMessage>\n            </check>\n            <check status=\"failed\">\n              <context>root/document[0]/pages[415](1459 0 obj PDPage)/annots[8](1468 0 obj PDLinkAnnot)</context>\n              <errorMessage>Annotation's color (C present = true) or interior color (IC present = false) is used without specifying RGB-based destination output profile</errorMessage>\n            </check>\n            <check status=\"failed\">\n              <context>root/document[0]/pages[415](1459 0 obj PDPage)/annots[9](1469 0 obj PDLinkAnnot)</context>\n              <errorMessage>Annotation's color (C present = true) or interior color (IC present = false) is used without specifying RGB-based destination output profile</errorMessage>\n            </check>\n            <check status=\"failed\">\n              <context>root/document[0]/pages[415](1459 0 obj PDPage)/annots[10](1470 0 obj PDLinkAnnot)</context>\n              <errorMessage>Annotation's color (C present = true) or interior color (IC present = false) is used without specifying RGB-based destination output profile</errorMessage>\n            </check>\n            <check status=\"failed\">\n              <context>root/document[0]/pages[415](1459 0 obj PDPage)/annots[11](1471 0 obj PDLinkAnnot)</context>\n              <errorMessage>Annotation's color (C present = true) or interior color (IC present = false) is used without specifying RGB-based destination output profile</errorMessage>\n            </check>\n            <check status=\"failed\">\n              <context>root/document[0]/pages[415](1459 0 obj PDPage)/annots[12](1472 0 obj PDLinkAnnot)</context>\n              <errorMessage>Annotation's color (C present = true) or interior color (IC present = false) is used without specifying RGB-based destination output profile</errorMessage>\n            </check>\n            <check status=\"failed\">\n              <context>root/document[0]/pages[415](1459 0 obj PDPage)/annots[13](1473 0 obj PDLinkAnnot)</context>\n              <errorMessage>Annotation's color (C present = true) or interior color (IC present = false) is used without specifying RGB-based destination output profile</errorMessage>\n            </check>\n            <check status=\"failed\">\n              <context>root/document[0]/pages[415](1459 0 obj PDPage)/annots[14](1474 0 obj PDLinkAnnot)</context>\n              <errorMessage>Annotation's color (C present = true) or interior color (IC present = false) is used without specifying RGB-based destination output profile</errorMessage>\n            </check>\n            <check status=\"failed\">\n              <context>root/document[0]/pages[415](1459 0 obj PDPage)/annots[15](1475 0 obj PDLinkAnnot)</context>\n              <errorMessage>Annotation's color (C present = true) or interior color (IC present = false) is used without specifying RGB-based destination output profile</errorMessage>\n            </check>\n            <check status=\"failed\">\n              <context>root/document[0]/pages[415](1459 0 obj PDPage)/annots[16](1476 0 obj PDLinkAnnot)</context>\n              <errorMessage>Annotation's color (C present = true) or interior color (IC present = false) is used without specifying RGB-based destination output profile</errorMessage>\n            </check>\n            <check status=\"failed\">\n              <context>root/document[0]/pages[415](1459 0 obj PDPage)/annots[17](1477 0 obj PDLinkAnnot)</context>\n              <errorMessage>Annotation's color (C present = true) or interior color (IC present = false) is used without specifying RGB-based destination output profile</errorMessage>\n            </check>\n            <check status=\"failed\">\n              <context>root/document[0]/pages[415](1459 0 obj PDPage)/annots[18](1478 0 obj PDLinkAnnot)</context>\n              <errorMessage>Annotation's color (C present = true) or interior color (IC present = false) is used without specifying RGB-based destination output profile</errorMessage>\n            </check>\n            <check status=\"failed\">\n              <context>root/document[0]/pages[415](1459 0 obj PDPage)/annots[19](1479 0 obj PDLinkAnnot)</context>\n              <errorMessage>Annotation's color (C present = true) or interior color (IC present = false) is used without specifying RGB-based destination output profile</errorMessage>\n            </check>\n            <check status=\"failed\">\n              <context>root/document[0]/pages[415](1459 0 obj PDPage)/annots[20](1480 0 obj PDLinkAnnot)</context>\n              <errorMessage>Annotation's color (C present = true) or interior color (IC present = false) is used without specifying RGB-based destination output profile</errorMessage>\n            </check>\n            <check status=\"failed\">\n              <context>root/document[0]/pages[415](1459 0 obj PDPage)/annots[21](1481 0 obj PDLinkAnnot)</context>\n              <errorMessage>Annotation's color (C present = true) or interior color (IC present = false) is used without specifying RGB-based destination output profile</errorMessage>\n            </check>\n            <check status=\"failed\">\n              <context>root/document[0]/pages[415](1459 0 obj PDPage)/annots[22](1482 0 obj PDLinkAnnot)</context>\n              <errorMessage>Annotation's color (C present = true) or interior color (IC present = false) is used without specifying RGB-based destination output profile</errorMessage>\n            </check>\n            <check status=\"failed\">\n              <context>root/document[0]/pages[415](1459 0 obj PDPage)/annots[23](1483 0 obj PDLinkAnnot)</context>\n              <errorMessage>Annotation's color (C present = true) or interior color (IC present = false) is used without specifying RGB-based destination output profile</errorMessage>\n            </check>\n            <check status=\"failed\">\n              <context>root/document[0]/pages[415](1459 0 obj PDPage)/annots[24](1484 0 obj PDLinkAnnot)</context>\n              <errorMessage>Annotation's color (C present = true) or interior color (IC present = false) is used without specifying RGB-based destination output profile</errorMessage>\n            </check>\n            <check status=\"failed\">\n              <context>root/document[0]/pages[415](1459 0 obj PDPage)/annots[25](1485 0 obj PDLinkAnnot)</context>\n              <errorMessage>Annotation's color (C present = true) or interior color (IC present = false) is used without specifying RGB-based destination output profile</errorMessage>\n            </check>\n            <check status=\"failed\">\n              <context>root/document[0]/pages[415](1459 0 obj PDPage)/annots[26](1486 0 obj PDLinkAnnot)</context>\n              <errorMessage>Annotation's color (C present = true) or interior color (IC present = false) is used without specifying RGB-based destination output profile</errorMessage>\n            </check>\n            <check status=\"failed\">\n              <context>root/document[0]/pages[415](1459 0 obj PDPage)/annots[27](1487 0 obj PDLinkAnnot)</context>\n              <errorMessage>Annotation's color (C present = true) or interior color (IC present = false) is used without specifying RGB-based destination output profile</errorMessage>\n            </check>\n            <check status=\"failed\">\n              <context>root/document[0]/pages[415](1459 0 obj PDPage)/annots[28](1488 0 obj PDLinkAnnot)</context>\n              <errorMessage>Annotation's color (C present = true) or interior color (IC present = false) is used without specifying RGB-based destination output profile</errorMessage>\n            </check>\n            <check status=\"failed\">\n              <context>root/document[0]/pages[415](1459 0 obj PDPage)/annots[29](1489 0 obj PDLinkAnnot)</context>\n              <errorMessage>Annotation's color (C present = true) or interior color (IC present = false) is used without specifying RGB-based destination output profile</errorMessage>\n            </check>\n            <check status=\"failed\">\n              <context>root/document[0]/pages[415](1459 0 obj PDPage)/annots[30](1490 0 obj PDLinkAnnot)</context>\n              <errorMessage>Annotation's color (C present = true) or interior color (IC present = false) is used without specifying RGB-based destination output profile</errorMessage>\n            </check>\n            <check status=\"failed\">\n              <context>root/document[0]/pages[415](1459 0 obj PDPage)/annots[31](1491 0 obj PDLinkAnnot)</context>\n              <errorMessage>Annotation's color (C present = true) or interior color (IC present = false) is used without specifying RGB-based destination output profile</errorMessage>\n            </check>\n            <check status=\"failed\">\n              <context>root/document[0]/pages[415](1459 0 obj PDPage)/annots[32](1492 0 obj PDLinkAnnot)</context>\n              <errorMessage>Annotation's color (C present = true) or interior color (IC present = false) is used without specifying RGB-based destination output profile</errorMessage>\n            </check>\n            <check status=\"failed\">\n              <context>root/document[0]/pages[415](1459 0 obj PDPage)/annots[33](1493 0 obj PDLinkAnnot)</context>\n              <errorMessage>Annotation's color (C present = true) or interior color (IC present = false) is used without specifying RGB-based destination output profile</errorMessage>\n            </check>\n            <check status=\"failed\">\n              <context>root/document[0]/pages[415](1459 0 obj PDPage)/annots[34](1494 0 obj PDLinkAnnot)</context>\n              <errorMessage>Annotation's color (C present = true) or interior color (IC present = false) is used without specifying RGB-based destination output profile</errorMessage>\n            </check>\n            <check status=\"failed\">\n              <context>root/document[0]/pages[415](1459 0 obj PDPage)/annots[35](1495 0 obj PDLinkAnnot)</context>\n              <errorMessage>Annotation's color (C present = true) or interior color (IC present = false) is used without specifying RGB-based destination output profile</errorMessage>\n            </check>\n            <check status=\"failed\">\n              <context>root/document[0]/pages[415](1459 0 obj PDPage)/annots[36](1496 0 obj PDLinkAnnot)</context>\n              <errorMessage>Annotation's color (C present = true) or interior color (IC present = false) is used without specifying RGB-based destination output profile</errorMessage>\n            </check>\n            <check status=\"failed\">\n              <context>root/document[0]/pages[415](1459 0 obj PDPage)/annots[37](1497 0 obj PDLinkAnnot)</context>\n              <errorMessage>Annotation's color (C present = true) or interior color (IC present = false) is used without specifying RGB-based destination output profile</errorMessage>\n            </check>\n            <check status=\"failed\">\n              <context>root/document[0]/pages[415](1459 0 obj PDPage)/annots[38](1498 0 obj PDLinkAnnot)</context>\n              <errorMessage>Annotation's color (C present = true) or interior color (IC present = false) is used without specifying RGB-based destination output profile</errorMessage>\n            </check>\n            <check status=\"failed\">\n              <context>root/document[0]/pages[415](1459 0 obj PDPage)/annots[39](1499 0 obj PDLinkAnnot)</context>\n              <errorMessage>Annotation's color (C present = true) or interior color (IC present = false) is used without specifying RGB-based destination output profile</errorMessage>\n            </check>\n            <check status=\"failed\">\n              <context>root/document[0]/pages[415](1459 0 obj PDPage)/annots[40](1500 0 obj PDLinkAnnot)</context>\n              <errorMessage>Annotation's color (C present = true) or interior color (IC present = false) is used without specifying RGB-based destination output profile</errorMessage>\n            </check>\n            <check status=\"failed\">\n              <context>root/document[0]/pages[415](1459 0 obj PDPage)/annots[41](1501 0 obj PDLinkAnnot)</context>\n              <errorMessage>Annotation's color (C present = true) or interior color (IC present = false) is used without specifying RGB-based destination output profile</errorMessage>\n            </check>\n            <check status=\"failed\">\n              <context>root/document[0]/pages[415](1459 0 obj PDPage)/annots[42](1502 0 obj PDLinkAnnot)</context>\n              <errorMessage>Annotation's color (C present = true) or interior color (IC present = false) is used without specifying RGB-based destination output profile</errorMessage>\n            </check>\n            <check status=\"failed\">\n              <context>root/document[0]/pages[415](1459 0 obj PDPage)/annots[43](1503 0 obj PDLinkAnnot)</context>\n              <errorMessage>Annotation's color (C present = true) or interior color (IC present = false) is used without specifying RGB-based destination output profile</errorMessage>\n            </check>\n            <check status=\"failed\">\n              <context>root/document[0]/pages[415](1459 0 obj PDPage)/annots[44](1504 0 obj PDLinkAnnot)</context>\n              <errorMessage>Annotation's color (C present = true) or interior color (IC present = false) is used without specifying RGB-based destination output profile</errorMessage>\n            </check>\n            <check status=\"failed\">\n              <context>root/document[0]/pages[415](1459 0 obj PDPage)/annots[45](1505 0 obj PDLinkAnnot)</context>\n              <errorMessage>Annotation's color (C present = true) or interior color (IC present = false) is used without specifying RGB-based destination output profile</errorMessage>\n            </check>\n          </rule>\n          <rule specification=\"ISO 19005-1:2005\" clause=\"6.7.9\" testNumber=\"2\" status=\"failed\" failedChecks=\"3\">\n            <description>Properties specified in XMP form shall use either the predefined schemas defined in XMP Specification, or extension schemas that comply with XMP Specification</description>\n            <object>XMPProperty</object>\n            <test>isPredefinedInXMP2004 == true || isDefinedInCurrentPackage == true</test>\n            <check status=\"failed\">\n              <context>root/document[0]/metadata[0](34285 0 obj PDMetadata)/XMPPackage[0]/Properties[12](http://ns.adobe.com/pdfx/1.3/ - pdfx:Company)</context>\n              <errorMessage>A property is either not defined in XMP Specification, or is not defined in any of the extension schemas</errorMessage>\n            </check>\n            <check status=\"failed\">\n              <context>root/document[0]/metadata[0](34285 0 obj PDMetadata)/XMPPackage[0]/Properties[13](http://ns.adobe.com/pdfx/1.3/ - pdfx:Manager)</context>\n              <errorMessage>A property is either not defined in XMP Specification, or is not defined in any of the extension schemas</errorMessage>\n            </check>\n            <check status=\"failed\">\n              <context>root/document[0]/metadata[0](34285 0 obj PDMetadata)/XMPPackage[0]/Properties[14](http://ns.adobe.com/pdfx/1.3/ - pdfx:Category)</context>\n              <errorMessage>A property is either not defined in XMP Specification, or is not defined in any of the extension schemas</errorMessage>\n            </check>\n          </rule>\n          <rule specification=\"ISO 19005-1:2005\" clause=\"6.3.4\" testNumber=\"1\" status=\"failed\" failedChecks=\"9\">\n            <description>The font programs for all fonts used within a conforming file shall be embedded within that file, as defined in PDF Reference 5.8, except when the fonts are used exclusively with text rendering mode 3</description>\n            <object>PDFont</object>\n            <test>Subtype == \"Type3\" || Subtype == \"Type0\" || renderingMode == 3 || containsFontFile == true</test>\n            <check status=\"failed\">\n              <context>root/document[0]/pages[0](34289 0 obj PDPage)/contentStream[0](34297 0 obj PDContentStream)/operators[73]/font[0](Arial-BoldMT)</context>\n              <errorMessage>The font program is not embedded</errorMessage>\n            </check>\n            <check status=\"failed\">\n              <context>root/document[0]/pages[2](3 0 obj PDPage)/contentStream[0](4 0 obj PDContentStream)/operators[345]/font[0](Verdana)</context>\n              <errorMessage>The font program is not embedded</errorMessage>\n            </check>\n            <check status=\"failed\">\n              <context>root/document[0]/pages[2](3 0 obj PDPage)/contentStream[0](4 0 obj PDContentStream)/operators[429]/font[0](Arial-ItalicMT)</context>\n              <errorMessage>The font program is not embedded</errorMessage>\n            </check>\n            <check status=\"failed\">\n              <context>root/document[0]/pages[21](56 0 obj PDPage)/contentStream[0](58 0 obj PDContentStream)/operators[163]/font[0](TimesNewRomanPS-ItalicMT)</context>\n              <errorMessage>The font program is not embedded</errorMessage>\n            </check>\n            <check status=\"failed\">\n              <context>root/document[0]/pages[34](98 0 obj PDPage)/contentStream[0](100 0 obj PDContentStream)/operators[166]/font[0](CourierNewPSMT)</context>\n              <errorMessage>The font program is not embedded</errorMessage>\n            </check>\n            <check status=\"failed\">\n              <context>root/document[0]/pages[34](98 0 obj PDPage)/contentStream[0](100 0 obj PDContentStream)/operators[169]/font[0](CourierNewPS-BoldMT)</context>\n              <errorMessage>The font program is not embedded</errorMessage>\n            </check>\n            <check status=\"failed\">\n              <context>root/document[0]/pages[36](104 0 obj PDPage)/contentStream[0](106 0 obj PDContentStream)/operators[291]/font[0](Arial-BoldItalicMT)</context>\n              <errorMessage>The font program is not embedded</errorMessage>\n            </check>\n            <check status=\"failed\">\n              <context>root/document[0]/pages[46](139 0 obj PDPage)/contentStream[0](142 0 obj PDContentStream)/operators[446]/font[0](TimesNewRomanPS-BoldItalicMT)</context>\n              <errorMessage>The font program is not embedded</errorMessage>\n            </check>\n            <check status=\"failed\">\n              <context>root/document[0]/pages[97](315 0 obj PDPage)/contentStream[0](318 0 obj PDContentStream)/operators[295]/font[0](Verdana-Bold)</context>\n              <errorMessage>The font program is not embedded</errorMessage>\n            </check>\n          </rule>\n          <rule specification=\"ISO 19005-1:2005\" clause=\"6.7.9\" testNumber=\"3\" status=\"failed\" failedChecks=\"3\">\n            <description>Properties specified in XMP form shall use either the predefined schemas defined in XMP Specification, or extension schemas that comply with XMP Specification</description>\n            <object>XMPProperty</object>\n            <test>isValueTypeCorrect == true</test>\n            <check status=\"failed\">\n              <context>root/document[0]/metadata[0](34285 0 obj PDMetadata)/XMPPackage[0]/Properties[12](http://ns.adobe.com/pdfx/1.3/ - pdfx:Company)</context>\n              <errorMessage>XMP property does not correspond to type null</errorMessage>\n            </check>\n            <check status=\"failed\">\n              <context>root/document[0]/metadata[0](34285 0 obj PDMetadata)/XMPPackage[0]/Properties[13](http://ns.adobe.com/pdfx/1.3/ - pdfx:Manager)</context>\n              <errorMessage>XMP property does not correspond to type null</errorMessage>\n            </check>\n            <check status=\"failed\">\n              <context>root/document[0]/metadata[0](34285 0 obj PDMetadata)/XMPPackage[0]/Properties[14](http://ns.adobe.com/pdfx/1.3/ - pdfx:Category)</context>\n              <errorMessage>XMP property does not correspond to type null</errorMessage>\n            </check>\n          </rule>\n          <rule specification=\"ISO 19005-1:2005\" clause=\"6.2.3.3\" testNumber=\"3\" status=\"failed\" failedChecks=\"48671\">\n            <description>If an uncalibrated colour space is used in a file then that file shall contain a PDF/A-1 OutputIntent, as defined in 6.2.2</description>\n            <object>PDDeviceGray</object>\n            <test>gOutputCS != null</test>\n            <check status=\"failed\">\n              <context>root/document[0]/pages[0](34289 0 obj PDPage)/contentStream[0](34297 0 obj PDContentStream)/operators[73]/fillCS[0]</context>\n              <errorMessage>DeviceGray colour space is used without output intent profile</errorMessage>\n            </check>\n            <check status=\"failed\">\n              <context>root/document[0]/pages[0](34289 0 obj PDPage)/contentStream[0](34297 0 obj PDContentStream)/operators[76]/fillCS[0]</context>\n              <errorMessage>DeviceGray colour space is used without output intent profile</errorMessage>\n            </check>\n            <check status=\"failed\">\n              <context>root/document[0]/pages[0](34289 0 obj PDPage)/contentStream[0](34297 0 obj PDContentStream)/operators[82]/fillCS[0]</context>\n              <errorMessage>DeviceGray colour space is used without output intent profile</errorMessage>\n            </check>\n            <check status=\"failed\">\n              <context>root/document[0]/pages[0](34289 0 obj PDPage)/contentStream[0](34297 0 obj PDContentStream)/operators[85]/fillCS[0]</context>\n              <errorMessage>DeviceGray colour space is used without output intent profile</errorMessage>\n            </check>\n            <check status=\"failed\">\n              <context>root/document[0]/pages[0](34289 0 obj PDPage)/contentStream[0](34297 0 obj PDContentStream)/operators[92]/fillCS[0]</context>\n              <errorMessage>DeviceGray colour space is used without output intent profile</errorMessage>\n            </check>\n            <check status=\"failed\">\n              <context>root/document[0]/pages[0](34289 0 obj PDPage)/contentStream[0](34297 0 obj PDContentStream)/operators[95]/fillCS[0]</context>\n              <errorMessage>DeviceGray colour space is used without output intent profile</errorMessage>\n            </check>\n            <check status=\"failed\">\n              <context>root/document[0]/pages[0](34289 0 obj PDPage)/contentStream[0](34297 0 obj PDContentStream)/operators[99]/fillCS[0]</context>\n              <errorMessage>DeviceGray colour space is used without output intent profile</errorMessage>\n            </check>\n            <check status=\"failed\">\n              <context>root/document[0]/pages[0](34289 0 obj PDPage)/contentStream[0](34297 0 obj PDContentStream)/operators[102]/fillCS[0]</context>\n              <errorMessage>DeviceGray colour space is used without output intent profile</errorMessage>\n            </check>\n            <check status=\"failed\">\n              <context>root/document[0]/pages[0](34289 0 obj PDPage)/contentStream[0](34297 0 obj PDContentStream)/operators[108]/fillCS[0]</context>\n              <errorMessage>DeviceGray colour space is used without output intent profile</errorMessage>\n            </check>\n            <check status=\"failed\">\n              <context>root/document[0]/pages[0](34289 0 obj PDPage)/contentStream[0](34297 0 obj PDContentStream)/operators[111]/fillCS[0]</context>\n              <errorMessage>DeviceGray colour space is used without output intent profile</errorMessage>\n            </check>\n            <check status=\"failed\">\n              <context>root/document[0]/pages[0](34289 0 obj PDPage)/contentStream[0](34297 0 obj PDContentStream)/operators[116]/fillCS[0]</context>\n              <errorMessage>DeviceGray colour space is used without output intent profile</errorMessage>\n            </check>\n            <check status=\"failed\">\n              <context>root/document[0]/pages[0](34289 0 obj PDPage)/contentStream[0](34297 0 obj PDContentStream)/operators[119]/fillCS[0]</context>\n              <errorMessage>DeviceGray colour space is used without output intent profile</errorMessage>\n            </check>\n            <check status=\"failed\">\n              <context>root/document[0]/pages[0](34289 0 obj PDPage)/contentStream[0](34297 0 obj PDContentStream)/operators[125]/fillCS[0]</context>\n              <errorMessage>DeviceGray colour space is used without output intent profile</errorMessage>\n            </check>\n            <check status=\"failed\">\n              <context>root/document[0]/pages[0](34289 0 obj PDPage)/contentStream[0](34297 0 obj PDContentStream)/operators[128]/fillCS[0]</context>\n              <errorMessage>DeviceGray colour space is used without output intent profile</errorMessage>\n            </check>\n            <check status=\"failed\">\n              <context>root/document[0]/pages[0](34289 0 obj PDPage)/contentStream[0](34297 0 obj PDContentStream)/operators[134]/fillCS[0]</context>\n              <errorMessage>DeviceGray colour space is used without output intent profile</errorMessage>\n            </check>\n            <check status=\"failed\">\n              <context>root/document[0]/pages[0](34289 0 obj PDPage)/contentStream[0](34297 0 obj PDContentStream)/operators[137]/fillCS[0]</context>\n              <errorMessage>DeviceGray colour space is used without output intent profile</errorMessage>\n            </check>\n            <check status=\"failed\">\n              <context>root/document[0]/pages[2](3 0 obj PDPage)/contentStream[0](4 0 obj PDContentStream)/operators[32]/colorSpace[0]</context>\n              <errorMessage>DeviceGray colour space is used without output intent profile</errorMessage>\n            </check>\n            <check status=\"failed\">\n              <context>root/document[0]/pages[2](3 0 obj PDPage)/contentStream[0](4 0 obj PDContentStream)/operators[34]/fillCS[0]</context>\n              <errorMessage>DeviceGray colour space is used without output intent profile</errorMessage>\n            </check>\n            <check status=\"failed\">\n              <context>root/document[0]/pages[2](3 0 obj PDPage)/contentStream[0](4 0 obj PDContentStream)/operators[37]/colorSpace[0]</context>\n              <errorMessage>DeviceGray colour space is used without output intent profile</errorMessage>\n            </check>\n            <check status=\"failed\">\n              <context>root/document[0]/pages[2](3 0 obj PDPage)/contentStream[0](4 0 obj PDContentStream)/operators[39]/fillCS[0]</context>\n              <errorMessage>DeviceGray colour space is used without output intent profile</errorMessage>\n            </check>\n            <check status=\"failed\">\n              <context>root/document[0]/pages[2](3 0 obj PDPage)/contentStream[0](4 0 obj PDContentStream)/operators[41]/colorSpace[0]</context>\n              <errorMessage>DeviceGray colour space is used without output intent profile</errorMessage>\n            </check>\n            <check status=\"failed\">\n              <context>root/document[0]/pages[2](3 0 obj PDPage)/contentStream[0](4 0 obj PDContentStream)/operators[57]/colorSpace[0]</context>\n              <errorMessage>DeviceGray colour space is used without output intent profile</errorMessage>\n            </check>\n            <check status=\"failed\">\n              <context>root/document[0]/pages[2](3 0 obj PDPage)/contentStream[0](4 0 obj PDContentStream)/operators[59]/fillCS[0]</context>\n              <errorMessage>DeviceGray colour space is used without output intent profile</errorMessage>\n            </check>\n            <check status=\"failed\">\n              <context>root/document[0]/pages[2](3 0 obj PDPage)/contentStream[0](4 0 obj PDContentStream)/operators[62]/colorSpace[0]</context>\n              <errorMessage>DeviceGray colour space is used without output intent profile</errorMessage>\n            </check>\n            <check status=\"failed\">\n              <context>root/document[0]/pages[2](3 0 obj PDPage)/contentStream[0](4 0 obj PDContentStream)/operators[64]/fillCS[0]</context>\n              <errorMessage>DeviceGray colour space is used without output intent profile</errorMessage>\n            </check>\n            <check status=\"failed\">\n              <context>root/document[0]/pages[2](3 0 obj PDPage)/contentStream[0](4 0 obj PDContentStream)/operators[76]/fillCS[0]</context>\n              <errorMessage>DeviceGray colour space is used without output intent profile</errorMessage>\n            </check>\n            <check status=\"failed\">\n              <context>root/document[0]/pages[2](3 0 obj PDPage)/contentStream[0](4 0 obj PDContentStream)/operators[80]/fillCS[0]</context>\n              <errorMessage>DeviceGray colour space is used without output intent profile</errorMessage>\n            </check>\n            <check status=\"failed\">\n              <context>root/document[0]/pages[2](3 0 obj PDPage)/contentStream[0](4 0 obj PDContentStream)/operators[92]/fillCS[0]</context>\n              <errorMessage>DeviceGray colour space is used without output intent profile</errorMessage>\n            </check>\n            <check status=\"failed\">\n              <context>root/document[0]/pages[2](3 0 obj PDPage)/contentStream[0](4 0 obj PDContentStream)/operators[96]/fillCS[0]</context>\n              <errorMessage>DeviceGray colour space is used without output intent profile</errorMessage>\n            </check>\n            <check status=\"failed\">\n              <context>root/document[0]/pages[2](3 0 obj PDPage)/contentStream[0](4 0 obj PDContentStream)/operators[97]/colorSpace[0]</context>\n              <errorMessage>DeviceGray colour space is used without output intent profile</errorMessage>\n            </check>\n            <check status=\"failed\">\n              <context>root/document[0]/pages[2](3 0 obj PDPage)/contentStream[0](4 0 obj PDContentStream)/operators[99]/fillCS[0]</context>\n              <errorMessage>DeviceGray colour space is used without output intent profile</errorMessage>\n            </check>\n            <check status=\"failed\">\n              <context>root/document[0]/pages[2](3 0 obj PDPage)/contentStream[0](4 0 obj PDContentStream)/operators[101]/fillCS[0]</context>\n              <errorMessage>DeviceGray colour space is used without output intent profile</errorMessage>\n            </check>\n            <check status=\"failed\">\n              <context>root/document[0]/pages[2](3 0 obj PDPage)/contentStream[0](4 0 obj PDContentStream)/operators[102]/colorSpace[0]</context>\n              <errorMessage>DeviceGray colour space is used without output intent profile</errorMessage>\n            </check>\n            <check status=\"failed\">\n              <context>root/document[0]/pages[2](3 0 obj PDPage)/contentStream[0](4 0 obj PDContentStream)/operators[104]/fillCS[0]</context>\n              <errorMessage>DeviceGray colour space is used without output intent profile</errorMessage>\n            </check>\n            <check status=\"failed\">\n              <context>root/document[0]/pages[2](3 0 obj PDPage)/contentStream[0](4 0 obj PDContentStream)/operators[105]/colorSpace[0]</context>\n              <errorMessage>DeviceGray colour space is used without output intent profile</errorMessage>\n            </check>\n            <check status=\"failed\">\n              <context>root/document[0]/pages[2](3 0 obj PDPage)/contentStream[0](4 0 obj PDContentStream)/operators[107]/fillCS[0]</context>\n              <errorMessage>DeviceGray colour space is used without output intent profile</errorMessage>\n            </check>\n            <check status=\"failed\">\n              <context>root/document[0]/pages[2](3 0 obj PDPage)/contentStream[0](4 0 obj PDContentStream)/operators[109]/fillCS[0]</context>\n              <errorMessage>DeviceGray colour space is used without output intent profile</errorMessage>\n            </check>\n            <check status=\"failed\">\n              <context>root/document[0]/pages[2](3 0 obj PDPage)/contentStream[0](4 0 obj PDContentStream)/operators[110]/colorSpace[0]</context>\n              <errorMessage>DeviceGray colour space is used without output intent profile</errorMessage>\n            </check>\n            <check status=\"failed\">\n              <context>root/document[0]/pages[2](3 0 obj PDPage)/contentStream[0](4 0 obj PDContentStream)/operators[112]/fillCS[0]</context>\n              <errorMessage>DeviceGray colour space is used without output intent profile</errorMessage>\n            </check>\n            <check status=\"failed\">\n              <context>root/document[0]/pages[2](3 0 obj PDPage)/contentStream[0](4 0 obj PDContentStream)/operators[113]/colorSpace[0]</context>\n              <errorMessage>DeviceGray colour space is used without output intent profile</errorMessage>\n            </check>\n            <check status=\"failed\">\n              <context>root/document[0]/pages[2](3 0 obj PDPage)/contentStream[0](4 0 obj PDContentStream)/operators[115]/fillCS[0]</context>\n              <errorMessage>DeviceGray colour space is used without output intent profile</errorMessage>\n            </check>\n            <check status=\"failed\">\n              <context>root/document[0]/pages[2](3 0 obj PDPage)/contentStream[0](4 0 obj PDContentStream)/operators[117]/fillCS[0]</context>\n              <errorMessage>DeviceGray colour space is used without output intent profile</errorMessage>\n            </check>\n            <check status=\"failed\">\n              <context>root/document[0]/pages[2](3 0 obj PDPage)/contentStream[0](4 0 obj PDContentStream)/operators[118]/colorSpace[0]</context>\n              <errorMessage>DeviceGray colour space is used without output intent profile</errorMessage>\n            </check>\n            <check status=\"failed\">\n              <context>root/document[0]/pages[2](3 0 obj PDPage)/contentStream[0](4 0 obj PDContentStream)/operators[120]/fillCS[0]</context>\n              <errorMessage>DeviceGray colour space is used without output intent profile</errorMessage>\n            </check>\n            <check status=\"failed\">\n              <context>root/document[0]/pages[2](3 0 obj PDPage)/contentStream[0](4 0 obj PDContentStream)/operators[121]/colorSpace[0]</context>\n              <errorMessage>DeviceGray colour space is used without output intent profile</errorMessage>\n            </check>\n            <check status=\"failed\">\n              <context>root/document[0]/pages[2](3 0 obj PDPage)/contentStream[0](4 0 obj PDContentStream)/operators[123]/fillCS[0]</context>\n              <errorMessage>DeviceGray colour space is used without output intent profile</errorMessage>\n            </check>\n            <check status=\"failed\">\n              <context>root/document[0]/pages[2](3 0 obj PDPage)/contentStream[0](4 0 obj PDContentStream)/operators[125]/fillCS[0]</context>\n              <errorMessage>DeviceGray colour space is used without output intent profile</errorMessage>\n            </check>\n            <check status=\"failed\">\n              <context>root/document[0]/pages[2](3 0 obj PDPage)/contentStream[0](4 0 obj PDContentStream)/operators[126]/colorSpace[0]</context>\n              <errorMessage>DeviceGray colour space is used without output intent profile</errorMessage>\n            </check>\n            <check status=\"failed\">\n              <context>root/document[0]/pages[2](3 0 obj PDPage)/contentStream[0](4 0 obj PDContentStream)/operators[128]/fillCS[0]</context>\n              <errorMessage>DeviceGray colour space is used without output intent profile</errorMessage>\n            </check>\n            <check status=\"failed\">\n              <context>root/document[0]/pages[2](3 0 obj PDPage)/contentStream[0](4 0 obj PDContentStream)/operators[129]/colorSpace[0]</context>\n              <errorMessage>DeviceGray colour space is used without output intent profile</errorMessage>\n            </check>\n            <check status=\"failed\">\n              <context>root/document[0]/pages[2](3 0 obj PDPage)/contentStream[0](4 0 obj PDContentStream)/operators[131]/fillCS[0]</context>\n              <errorMessage>DeviceGray colour space is used without output intent profile</errorMessage>\n            </check>\n            <check status=\"failed\">\n              <context>root/document[0]/pages[2](3 0 obj PDPage)/contentStream[0](4 0 obj PDContentStream)/operators[133]/fillCS[0]</context>\n              <errorMessage>DeviceGray colour space is used without output intent profile</errorMessage>\n            </check>\n            <check status=\"failed\">\n              <context>root/document[0]/pages[2](3 0 obj PDPage)/contentStream[0](4 0 obj PDContentStream)/operators[135]/fillCS[0]</context>\n              <errorMessage>DeviceGray colour space is used without output intent profile</errorMessage>\n            </check>\n            <check status=\"failed\">\n              <context>root/document[0]/pages[2](3 0 obj PDPage)/contentStream[0](4 0 obj PDContentStream)/operators[137]/fillCS[0]</context>\n              <errorMessage>DeviceGray colour space is used without output intent profile</errorMessage>\n            </check>\n            <check status=\"failed\">\n              <context>root/document[0]/pages[2](3 0 obj PDPage)/contentStream[0](4 0 obj PDContentStream)/operators[139]/fillCS[0]</context>\n              <errorMessage>DeviceGray colour space is used without output intent profile</errorMessage>\n            </check>\n            <check status=\"failed\">\n              <context>root/document[0]/pages[2](3 0 obj PDPage)/contentStream[0](4 0 obj PDContentStream)/operators[141]/fillCS[0]</context>\n              <errorMessage>DeviceGray colour space is used without output intent profile</errorMessage>\n            </check>\n            <check status=\"failed\">\n              <context>root/document[0]/pages[2](3 0 obj PDPage)/contentStream[0](4 0 obj PDContentStream)/operators[143]/fillCS[0]</context>\n              <errorMessage>DeviceGray colour space is used without output intent profile</errorMessage>\n            </check>\n            <check status=\"failed\">\n              <context>root/document[0]/pages[2](3 0 obj PDPage)/contentStream[0](4 0 obj PDContentStream)/operators[151]/fillCS[0]</context>\n              <errorMessage>DeviceGray colour space is used without output intent profile</errorMessage>\n            </check>\n            <check status=\"failed\">\n              <context>root/document[0]/pages[2](3 0 obj PDPage)/contentStream[0](4 0 obj PDContentStream)/operators[153]/fillCS[0]</context>\n              <errorMessage>DeviceGray colour space is used without output intent profile</errorMessage>\n            </check>\n            <check status=\"failed\">\n              <context>root/document[0]/pages[2](3 0 obj PDPage)/contentStream[0](4 0 obj PDContentStream)/operators[155]/fillCS[0]</context>\n              <errorMessage>DeviceGray colour space is used without output intent profile</errorMessage>\n            </check>\n            <check status=\"failed\">\n              <context>root/document[0]/pages[2](3 0 obj PDPage)/contentStream[0](4 0 obj PDContentStream)/operators[157]/fillCS[0]</context>\n              <errorMessage>DeviceGray colour space is used without output intent profile</errorMessage>\n            </check>\n            <check status=\"failed\">\n              <context>root/document[0]/pages[2](3 0 obj PDPage)/contentStream[0](4 0 obj PDContentStream)/operators[159]/fillCS[0]</context>\n              <errorMessage>DeviceGray colour space is used without output intent profile</errorMessage>\n            </check>\n            <check status=\"failed\">\n              <context>root/document[0]/pages[2](3 0 obj PDPage)/contentStream[0](4 0 obj PDContentStream)/operators[161]/fillCS[0]</context>\n              <errorMessage>DeviceGray colour space is used without output intent profile</errorMessage>\n            </check>\n            <check status=\"failed\">\n              <context>root/document[0]/pages[2](3 0 obj PDPage)/contentStream[0](4 0 obj PDContentStream)/operators[163]/fillCS[0]</context>\n              <errorMessage>DeviceGray colour space is used without output intent profile</errorMessage>\n            </check>\n            <check status=\"failed\">\n              <context>root/document[0]/pages[2](3 0 obj PDPage)/contentStream[0](4 0 obj PDContentStream)/operators[165]/fillCS[0]</context>\n              <errorMessage>DeviceGray colour space is used without output intent profile</errorMessage>\n            </check>\n            <check status=\"failed\">\n              <context>root/document[0]/pages[2](3 0 obj PDPage)/contentStream[0](4 0 obj PDContentStream)/operators[167]/fillCS[0]</context>\n              <errorMessage>DeviceGray colour space is used without output intent profile</errorMessage>\n            </check>\n            <check status=\"failed\">\n              <context>root/document[0]/pages[2](3 0 obj PDPage)/contentStream[0](4 0 obj PDContentStream)/operators[169]/fillCS[0]</context>\n              <errorMessage>DeviceGray colour space is used without output intent profile</errorMessage>\n            </check>\n            <check status=\"failed\">\n              <context>root/document[0]/pages[2](3 0 obj PDPage)/contentStream[0](4 0 obj PDContentStream)/operators[171]/fillCS[0]</context>\n              <errorMessage>DeviceGray colour space is used without output intent profile</errorMessage>\n            </check>\n            <check status=\"failed\">\n              <context>root/document[0]/pages[2](3 0 obj PDPage)/contentStream[0](4 0 obj PDContentStream)/operators[173]/fillCS[0]</context>\n              <errorMessage>DeviceGray colour space is used without output intent profile</errorMessage>\n            </check>\n            <check status=\"failed\">\n              <context>root/document[0]/pages[2](3 0 obj PDPage)/contentStream[0](4 0 obj PDContentStream)/operators[175]/fillCS[0]</context>\n              <errorMessage>DeviceGray colour space is used without output intent profile</errorMessage>\n            </check>\n            <check status=\"failed\">\n              <context>root/document[0]/pages[2](3 0 obj PDPage)/contentStream[0](4 0 obj PDContentStream)/operators[177]/fillCS[0]</context>\n              <errorMessage>DeviceGray colour space is used without output intent profile</errorMessage>\n            </check>\n            <check status=\"failed\">\n              <context>root/document[0]/pages[2](3 0 obj PDPage)/contentStream[0](4 0 obj PDContentStream)/operators[200]/fillCS[0]</context>\n              <errorMessage>DeviceGray colour space is used without output intent profile</errorMessage>\n            </check>\n            <check status=\"failed\">\n              <context>root/document[0]/pages[2](3 0 obj PDPage)/contentStream[0](4 0 obj PDContentStream)/operators[202]/fillCS[0]</context>\n              <errorMessage>DeviceGray colour space is used without output intent profile</errorMessage>\n            </check>\n            <check status=\"failed\">\n              <context>root/document[0]/pages[2](3 0 obj PDPage)/contentStream[0](4 0 obj PDContentStream)/operators[204]/fillCS[0]</context>\n              <errorMessage>DeviceGray colour space is used without output intent profile</errorMessage>\n            </check>\n            <check status=\"failed\">\n              <context>root/document[0]/pages[2](3 0 obj PDPage)/contentStream[0](4 0 obj PDContentStream)/operators[206]/fillCS[0]</context>\n              <errorMessage>DeviceGray colour space is used without output intent profile</errorMessage>\n            </check>\n            <check status=\"failed\">\n              <context>root/document[0]/pages[2](3 0 obj PDPage)/contentStream[0](4 0 obj PDContentStream)/operators[208]/fillCS[0]</context>\n              <errorMessage>DeviceGray colour space is used without output intent profile</errorMessage>\n            </check>\n            <check status=\"failed\">\n              <context>root/document[0]/pages[2](3 0 obj PDPage)/contentStream[0](4 0 obj PDContentStream)/operators[210]/fillCS[0]</context>\n              <errorMessage>DeviceGray colour space is used without output intent profile</errorMessage>\n            </check>\n            <check status=\"failed\">\n              <context>root/document[0]/pages[2](3 0 obj PDPage)/contentStream[0](4 0 obj PDContentStream)/operators[212]/fillCS[0]</context>\n              <errorMessage>DeviceGray colour space is used without output intent profile</errorMessage>\n            </check>\n            <check status=\"failed\">\n              <context>root/document[0]/pages[2](3 0 obj PDPage)/contentStream[0](4 0 obj PDContentStream)/operators[214]/fillCS[0]</context>\n              <errorMessage>DeviceGray colour space is used without output intent profile</errorMessage>\n            </check>\n            <check status=\"failed\">\n              <context>root/document[0]/pages[2](3 0 obj PDPage)/contentStream[0](4 0 obj PDContentStream)/operators[216]/fillCS[0]</context>\n              <errorMessage>DeviceGray colour space is used without output intent profile</errorMessage>\n            </check>\n            <check status=\"failed\">\n              <context>root/document[0]/pages[2](3 0 obj PDPage)/contentStream[0](4 0 obj PDContentStream)/operators[218]/fillCS[0]</context>\n              <errorMessage>DeviceGray colour space is used without output intent profile</errorMessage>\n            </check>\n            <check status=\"failed\">\n              <context>root/document[0]/pages[2](3 0 obj PDPage)/contentStream[0](4 0 obj PDContentStream)/operators[220]/fillCS[0]</context>\n              <errorMessage>DeviceGray colour space is used without output intent profile</errorMessage>\n            </check>\n            <check status=\"failed\">\n              <context>root/document[0]/pages[2](3 0 obj PDPage)/contentStream[0](4 0 obj PDContentStream)/operators[222]/fillCS[0]</context>\n              <errorMessage>DeviceGray colour space is used without output intent profile</errorMessage>\n            </check>\n            <check status=\"failed\">\n              <context>root/document[0]/pages[2](3 0 obj PDPage)/contentStream[0](4 0 obj PDContentStream)/operators[224]/fillCS[0]</context>\n              <errorMessage>DeviceGray colour space is used without output intent profile</errorMessage>\n            </check>\n            <check status=\"failed\">\n              <context>root/document[0]/pages[2](3 0 obj PDPage)/contentStream[0](4 0 obj PDContentStream)/operators[226]/fillCS[0]</context>\n              <errorMessage>DeviceGray colour space is used without output intent profile</errorMessage>\n            </check>\n            <check status=\"failed\">\n              <context>root/document[0]/pages[2](3 0 obj PDPage)/contentStream[0](4 0 obj PDContentStream)/operators[228]/fillCS[0]</context>\n              <errorMessage>DeviceGray colour space is used without output intent profile</errorMessage>\n            </check>\n            <check status=\"failed\">\n              <context>root/document[0]/pages[2](3 0 obj PDPage)/contentStream[0](4 0 obj PDContentStream)/operators[230]/fillCS[0]</context>\n              <errorMessage>DeviceGray colour space is used without output intent profile</errorMessage>\n            </check>\n            <check status=\"failed\">\n              <context>root/document[0]/pages[2](3 0 obj PDPage)/contentStream[0](4 0 obj PDContentStream)/operators[232]/fillCS[0]</context>\n              <errorMessage>DeviceGray colour space is used without output intent profile</errorMessage>\n            </check>\n            <check status=\"failed\">\n              <context>root/document[0]/pages[2](3 0 obj PDPage)/contentStream[0](4 0 obj PDContentStream)/operators[234]/fillCS[0]</context>\n              <errorMessage>DeviceGray colour space is used without output intent profile</errorMessage>\n            </check>\n            <check status=\"failed\">\n              <context>root/document[0]/pages[2](3 0 obj PDPage)/contentStream[0](4 0 obj PDContentStream)/operators[236]/fillCS[0]</context>\n              <errorMessage>DeviceGray colour space is used without output intent profile</errorMessage>\n            </check>\n            <check status=\"failed\">\n              <context>root/document[0]/pages[2](3 0 obj PDPage)/contentStream[0](4 0 obj PDContentStream)/operators[245]/fillCS[0]</context>\n              <errorMessage>DeviceGray colour space is used without output intent profile</errorMessage>\n            </check>\n            <check status=\"failed\">\n              <context>root/document[0]/pages[2](3 0 obj PDPage)/contentStream[0](4 0 obj PDContentStream)/operators[252]/fillCS[0]</context>\n              <errorMessage>DeviceGray colour space is used without output intent profile</errorMessage>\n            </check>\n            <check status=\"failed\">\n              <context>root/document[0]/pages[2](3 0 obj PDPage)/contentStream[0](4 0 obj PDContentStream)/operators[259]/fillCS[0]</context>\n              <errorMessage>DeviceGray colour space is used without output intent profile</errorMessage>\n            </check>\n            <check status=\"failed\">\n              <context>root/document[0]/pages[2](3 0 obj PDPage)/contentStream[0](4 0 obj PDContentStream)/operators[263]/fillCS[0]</context>\n              <errorMessage>DeviceGray colour space is used without output intent profile</errorMessage>\n            </check>\n            <check status=\"failed\">\n              <context>root/document[0]/pages[2](3 0 obj PDPage)/contentStream[0](4 0 obj PDContentStream)/operators[270]/fillCS[0]</context>\n              <errorMessage>DeviceGray colour space is used without output intent profile</errorMessage>\n            </check>\n            <check status=\"failed\">\n              <context>root/document[0]/pages[2](3 0 obj PDPage)/contentStream[0](4 0 obj PDContentStream)/operators[277]/fillCS[0]</context>\n              <errorMessage>DeviceGray colour space is used without output intent profile</errorMessage>\n            </check>\n            <check status=\"failed\">\n              <context>root/document[0]/pages[2](3 0 obj PDPage)/contentStream[0](4 0 obj PDContentStream)/operators[282]/fillCS[0]</context>\n              <errorMessage>DeviceGray colour space is used without output intent profile</errorMessage>\n            </check>\n            <check status=\"failed\">\n              <context>root/document[0]/pages[2](3 0 obj PDPage)/contentStream[0](4 0 obj PDContentStream)/operators[287]/fillCS[0]</context>\n              <errorMessage>DeviceGray colour space is used without output intent profile</errorMessage>\n            </check>\n            <check status=\"failed\">\n              <context>root/document[0]/pages[2](3 0 obj PDPage)/contentStream[0](4 0 obj PDContentStream)/operators[292]/fillCS[0]</context>\n              <errorMessage>DeviceGray colour space is used without output intent profile</errorMessage>\n            </check>\n            <check status=\"failed\">\n              <context>root/document[0]/pages[2](3 0 obj PDPage)/contentStream[0](4 0 obj PDContentStream)/operators[299]/fillCS[0]</context>\n              <errorMessage>DeviceGray colour space is used without output intent profile</errorMessage>\n            </check>\n          </rule>\n          <rule specification=\"ISO 19005-1:2005\" clause=\"6.3.5\" testNumber=\"3\" status=\"failed\" failedChecks=\"3\">\n            <description>For all CIDFont subsets referenced within a conforming file, the font descriptor dictionary shall include a CIDSet stream identifying which CIDs are present in the embedded CIDFont file, as described in PDF Reference Table 5.20</description>\n            <object>PDCIDFont</object>\n            <test>fontName.search(/[A-Z]{6}\\+/) != 0 || (containsCIDSet == true &amp;&amp; cidSetListsAllGlyphs == true)</test>\n            <check status=\"failed\">\n              <context>root/document[0]/pages[2](3 0 obj PDPage)/contentStream[0](4 0 obj PDContentStream)/operators[333]/font[0](NMGBFC+SymbolMT)/DescendantFonts[0](NMGBFC+SymbolMT)</context>\n              <errorMessage>A CIDSet entry in the Font descriptor is missing or does not correctly identify all glyphs present in the embedded font subset and used for rendering</errorMessage>\n            </check>\n            <check status=\"failed\">\n              <context>root/document[0]/pages[88](279 0 obj PDPage)/contentStream[0](281 0 obj PDContentStream)/operators[379]/font[0](NMIBMA+Wingdings-Regular)/DescendantFonts[0](NMIBMA+Wingdings-Regular)</context>\n              <errorMessage>A CIDSet entry in the Font descriptor is missing or does not correctly identify all glyphs present in the embedded font subset and used for rendering</errorMessage>\n            </check>\n            <check status=\"failed\">\n              <context>root/document[0]/pages[406](1318 0 obj PDPage)/contentStream[0](1320 0 obj PDContentStream)/operators[413]/font[0](NMGBEA+TimesNewRomanPS-BoldMT)/DescendantFonts[0](NMGBEA+TimesNewRomanPS-BoldMT)</context>\n              <errorMessage>A CIDSet entry in the Font descriptor is missing or does not correctly identify all glyphs present in the embedded font subset and used for rendering</errorMessage>\n            </check>\n          </rule>\n          <rule specification=\"ISO 19005-1:2005\" clause=\"6.5.3\" testNumber=\"2\" status=\"failed\" failedChecks=\"3250\">\n            <description>An annotation dictionary shall contain the F key. The F keys Print flag bit shall be set to 1 and its Hidden, Invisible and NoView flag bits shall be set to 0</description>\n            <object>PDAnnot</object>\n            <test>F != null &amp;&amp; (F &amp; 4) == 4 &amp;&amp; (F &amp; 1) == 0 &amp;&amp; (F &amp; 2) == 0 &amp;&amp; (F &amp; 32) == 0</test>\n            <check status=\"failed\">\n              <context>root/document[0]/pages[378](1223 0 obj PDPage)/annots[1](1225 0 obj PDLinkAnnot)</context>\n              <errorMessage>Annotation flags are either missing or set the annotation to be hidden/invisible or non-printable (F = null, Print = null, Hidden = null, Invisible = null, NoView = null)</errorMessage>\n            </check>\n            <check status=\"failed\">\n              <context>root/document[0]/pages[414](1347 0 obj PDPage)/annots[1](1350 0 obj PDLinkAnnot)</context>\n              <errorMessage>Annotation flags are either missing or set the annotation to be hidden/invisible or non-printable (F = null, Print = null, Hidden = null, Invisible = null, NoView = null)</errorMessage>\n            </check>\n            <check status=\"failed\">\n              <context>root/document[0]/pages[414](1347 0 obj PDPage)/annots[2](1351 0 obj PDLinkAnnot)</context>\n              <errorMessage>Annotation flags are either missing or set the annotation to be hidden/invisible or non-printable (F = null, Print = null, Hidden = null, Invisible = null, NoView = null)</errorMessage>\n            </check>\n            <check status=\"failed\">\n              <context>root/document[0]/pages[414](1347 0 obj PDPage)/annots[3](1352 0 obj PDLinkAnnot)</context>\n              <errorMessage>Annotation flags are either missing or set the annotation to be hidden/invisible or non-printable (F = null, Print = null, Hidden = null, Invisible = null, NoView = null)</errorMessage>\n            </check>\n            <check status=\"failed\">\n              <context>root/document[0]/pages[414](1347 0 obj PDPage)/annots[4](1353 0 obj PDLinkAnnot)</context>\n              <errorMessage>Annotation flags are either missing or set the annotation to be hidden/invisible or non-printable (F = null, Print = null, Hidden = null, Invisible = null, NoView = null)</errorMessage>\n            </check>\n            <check status=\"failed\">\n              <context>root/document[0]/pages[414](1347 0 obj PDPage)/annots[5](1354 0 obj PDLinkAnnot)</context>\n              <errorMessage>Annotation flags are either missing or set the annotation to be hidden/invisible or non-printable (F = null, Print = null, Hidden = null, Invisible = null, NoView = null)</errorMessage>\n            </check>\n            <check status=\"failed\">\n              <context>root/document[0]/pages[414](1347 0 obj PDPage)/annots[6](1355 0 obj PDLinkAnnot)</context>\n              <errorMessage>Annotation flags are either missing or set the annotation to be hidden/invisible or non-printable (F = null, Print = null, Hidden = null, Invisible = null, NoView = null)</errorMessage>\n            </check>\n            <check status=\"failed\">\n              <context>root/document[0]/pages[414](1347 0 obj PDPage)/annots[7](1356 0 obj PDLinkAnnot)</context>\n              <errorMessage>Annotation flags are either missing or set the annotation to be hidden/invisible or non-printable (F = null, Print = null, Hidden = null, Invisible = null, NoView = null)</errorMessage>\n            </check>\n            <check status=\"failed\">\n              <context>root/document[0]/pages[414](1347 0 obj PDPage)/annots[8](1357 0 obj PDLinkAnnot)</context>\n              <errorMessage>Annotation flags are either missing or set the annotation to be hidden/invisible or non-printable (F = null, Print = null, Hidden = null, Invisible = null, NoView = null)</errorMessage>\n            </check>\n            <check status=\"failed\">\n              <context>root/document[0]/pages[414](1347 0 obj PDPage)/annots[9](1358 0 obj PDLinkAnnot)</context>\n              <errorMessage>Annotation flags are either missing or set the annotation to be hidden/invisible or non-printable (F = null, Print = null, Hidden = null, Invisible = null, NoView = null)</errorMessage>\n            </check>\n            <check status=\"failed\">\n              <context>root/document[0]/pages[414](1347 0 obj PDPage)/annots[10](1359 0 obj PDLinkAnnot)</context>\n              <errorMessage>Annotation flags are either missing or set the annotation to be hidden/invisible or non-printable (F = null, Print = null, Hidden = null, Invisible = null, NoView = null)</errorMessage>\n            </check>\n            <check status=\"failed\">\n              <context>root/document[0]/pages[414](1347 0 obj PDPage)/annots[11](1360 0 obj PDLinkAnnot)</context>\n              <errorMessage>Annotation flags are either missing or set the annotation to be hidden/invisible or non-printable (F = null, Print = null, Hidden = null, Invisible = null, NoView = null)</errorMessage>\n            </check>\n            <check status=\"failed\">\n              <context>root/document[0]/pages[414](1347 0 obj PDPage)/annots[12](1361 0 obj PDLinkAnnot)</context>\n              <errorMessage>Annotation flags are either missing or set the annotation to be hidden/invisible or non-printable (F = null, Print = null, Hidden = null, Invisible = null, NoView = null)</errorMessage>\n            </check>\n            <check status=\"failed\">\n              <context>root/document[0]/pages[414](1347 0 obj PDPage)/annots[13](1362 0 obj PDLinkAnnot)</context>\n              <errorMessage>Annotation flags are either missing or set the annotation to be hidden/invisible or non-printable (F = null, Print = null, Hidden = null, Invisible = null, NoView = null)</errorMessage>\n            </check>\n            <check status=\"failed\">\n              <context>root/document[0]/pages[414](1347 0 obj PDPage)/annots[14](1363 0 obj PDLinkAnnot)</context>\n              <errorMessage>Annotation flags are either missing or set the annotation to be hidden/invisible or non-printable (F = null, Print = null, Hidden = null, Invisible = null, NoView = null)</errorMessage>\n            </check>\n            <check status=\"failed\">\n              <context>root/document[0]/pages[414](1347 0 obj PDPage)/annots[15](1364 0 obj PDLinkAnnot)</context>\n              <errorMessage>Annotation flags are either missing or set the annotation to be hidden/invisible or non-printable (F = null, Print = null, Hidden = null, Invisible = null, NoView = null)</errorMessage>\n            </check>\n            <check status=\"failed\">\n              <context>root/document[0]/pages[414](1347 0 obj PDPage)/annots[16](1365 0 obj PDLinkAnnot)</context>\n              <errorMessage>Annotation flags are either missing or set the annotation to be hidden/invisible or non-printable (F = null, Print = null, Hidden = null, Invisible = null, NoView = null)</errorMessage>\n            </check>\n            <check status=\"failed\">\n              <context>root/document[0]/pages[414](1347 0 obj PDPage)/annots[17](1366 0 obj PDLinkAnnot)</context>\n              <errorMessage>Annotation flags are either missing or set the annotation to be hidden/invisible or non-printable (F = null, Print = null, Hidden = null, Invisible = null, NoView = null)</errorMessage>\n            </check>\n            <check status=\"failed\">\n              <context>root/document[0]/pages[414](1347 0 obj PDPage)/annots[18](1367 0 obj PDLinkAnnot)</context>\n              <errorMessage>Annotation flags are either missing or set the annotation to be hidden/invisible or non-printable (F = null, Print = null, Hidden = null, Invisible = null, NoView = null)</errorMessage>\n            </check>\n            <check status=\"failed\">\n              <context>root/document[0]/pages[414](1347 0 obj PDPage)/annots[19](1368 0 obj PDLinkAnnot)</context>\n              <errorMessage>Annotation flags are either missing or set the annotation to be hidden/invisible or non-printable (F = null, Print = null, Hidden = null, Invisible = null, NoView = null)</errorMessage>\n            </check>\n            <check status=\"failed\">\n              <context>root/document[0]/pages[414](1347 0 obj PDPage)/annots[20](1369 0 obj PDLinkAnnot)</context>\n              <errorMessage>Annotation flags are either missing or set the annotation to be hidden/invisible or non-printable (F = null, Print = null, Hidden = null, Invisible = null, NoView = null)</errorMessage>\n            </check>\n            <check status=\"failed\">\n              <context>root/document[0]/pages[414](1347 0 obj PDPage)/annots[21](1370 0 obj PDLinkAnnot)</context>\n              <errorMessage>Annotation flags are either missing or set the annotation to be hidden/invisible or non-printable (F = null, Print = null, Hidden = null, Invisible = null, NoView = null)</errorMessage>\n            </check>\n            <check status=\"failed\">\n              <context>root/document[0]/pages[414](1347 0 obj PDPage)/annots[22](1371 0 obj PDLinkAnnot)</context>\n              <errorMessage>Annotation flags are either missing or set the annotation to be hidden/invisible or non-printable (F = null, Print = null, Hidden = null, Invisible = null, NoView = null)</errorMessage>\n            </check>\n            <check status=\"failed\">\n              <context>root/document[0]/pages[414](1347 0 obj PDPage)/annots[23](1372 0 obj PDLinkAnnot)</context>\n              <errorMessage>Annotation flags are either missing or set the annotation to be hidden/invisible or non-printable (F = null, Print = null, Hidden = null, Invisible = null, NoView = null)</errorMessage>\n            </check>\n            <check status=\"failed\">\n              <context>root/document[0]/pages[414](1347 0 obj PDPage)/annots[24](1373 0 obj PDLinkAnnot)</context>\n              <errorMessage>Annotation flags are either missing or set the annotation to be hidden/invisible or non-printable (F = null, Print = null, Hidden = null, Invisible = null, NoView = null)</errorMessage>\n            </check>\n            <check status=\"failed\">\n              <context>root/document[0]/pages[414](1347 0 obj PDPage)/annots[25](1374 0 obj PDLinkAnnot)</context>\n              <errorMessage>Annotation flags are either missing or set the annotation to be hidden/invisible or non-printable (F = null, Print = null, Hidden = null, Invisible = null, NoView = null)</errorMessage>\n            </check>\n            <check status=\"failed\">\n              <context>root/document[0]/pages[414](1347 0 obj PDPage)/annots[26](1375 0 obj PDLinkAnnot)</context>\n              <errorMessage>Annotation flags are either missing or set the annotation to be hidden/invisible or non-printable (F = null, Print = null, Hidden = null, Invisible = null, NoView = null)</errorMessage>\n            </check>\n            <check status=\"failed\">\n              <context>root/document[0]/pages[414](1347 0 obj PDPage)/annots[27](1376 0 obj PDLinkAnnot)</context>\n              <errorMessage>Annotation flags are either missing or set the annotation to be hidden/invisible or non-printable (F = null, Print = null, Hidden = null, Invisible = null, NoView = null)</errorMessage>\n            </check>\n            <check status=\"failed\">\n              <context>root/document[0]/pages[414](1347 0 obj PDPage)/annots[28](1377 0 obj PDLinkAnnot)</context>\n              <errorMessage>Annotation flags are either missing or set the annotation to be hidden/invisible or non-printable (F = null, Print = null, Hidden = null, Invisible = null, NoView = null)</errorMessage>\n            </check>\n            <check status=\"failed\">\n              <context>root/document[0]/pages[414](1347 0 obj PDPage)/annots[29](1378 0 obj PDLinkAnnot)</context>\n              <errorMessage>Annotation flags are either missing or set the annotation to be hidden/invisible or non-printable (F = null, Print = null, Hidden = null, Invisible = null, NoView = null)</errorMessage>\n            </check>\n            <check status=\"failed\">\n              <context>root/document[0]/pages[414](1347 0 obj PDPage)/annots[30](1379 0 obj PDLinkAnnot)</context>\n              <errorMessage>Annotation flags are either missing or set the annotation to be hidden/invisible or non-printable (F = null, Print = null, Hidden = null, Invisible = null, NoView = null)</errorMessage>\n            </check>\n            <check status=\"failed\">\n              <context>root/document[0]/pages[414](1347 0 obj PDPage)/annots[31](1380 0 obj PDLinkAnnot)</context>\n              <errorMessage>Annotation flags are either missing or set the annotation to be hidden/invisible or non-printable (F = null, Print = null, Hidden = null, Invisible = null, NoView = null)</errorMessage>\n            </check>\n            <check status=\"failed\">\n              <context>root/document[0]/pages[414](1347 0 obj PDPage)/annots[32](1381 0 obj PDLinkAnnot)</context>\n              <errorMessage>Annotation flags are either missing or set the annotation to be hidden/invisible or non-printable (F = null, Print = null, Hidden = null, Invisible = null, NoView = null)</errorMessage>\n            </check>\n            <check status=\"failed\">\n              <context>root/document[0]/pages[414](1347 0 obj PDPage)/annots[33](1382 0 obj PDLinkAnnot)</context>\n              <errorMessage>Annotation flags are either missing or set the annotation to be hidden/invisible or non-printable (F = null, Print = null, Hidden = null, Invisible = null, NoView = null)</errorMessage>\n            </check>\n            <check status=\"failed\">\n              <context>root/document[0]/pages[414](1347 0 obj PDPage)/annots[34](1383 0 obj PDLinkAnnot)</context>\n              <errorMessage>Annotation flags are either missing or set the annotation to be hidden/invisible or non-printable (F = null, Print = null, Hidden = null, Invisible = null, NoView = null)</errorMessage>\n            </check>\n            <check status=\"failed\">\n              <context>root/document[0]/pages[414](1347 0 obj PDPage)/annots[35](1384 0 obj PDLinkAnnot)</context>\n              <errorMessage>Annotation flags are either missing or set the annotation to be hidden/invisible or non-printable (F = null, Print = null, Hidden = null, Invisible = null, NoView = null)</errorMessage>\n            </check>\n            <check status=\"failed\">\n              <context>root/document[0]/pages[414](1347 0 obj PDPage)/annots[36](1385 0 obj PDLinkAnnot)</context>\n              <errorMessage>Annotation flags are either missing or set the annotation to be hidden/invisible or non-printable (F = null, Print = null, Hidden = null, Invisible = null, NoView = null)</errorMessage>\n            </check>\n            <check status=\"failed\">\n              <context>root/document[0]/pages[414](1347 0 obj PDPage)/annots[37](1386 0 obj PDLinkAnnot)</context>\n              <errorMessage>Annotation flags are either missing or set the annotation to be hidden/invisible or non-printable (F = null, Print = null, Hidden = null, Invisible = null, NoView = null)</errorMessage>\n            </check>\n            <check status=\"failed\">\n              <context>root/document[0]/pages[414](1347 0 obj PDPage)/annots[38](1387 0 obj PDLinkAnnot)</context>\n              <errorMessage>Annotation flags are either missing or set the annotation to be hidden/invisible or non-printable (F = null, Print = null, Hidden = null, Invisible = null, NoView = null)</errorMessage>\n            </check>\n            <check status=\"failed\">\n              <context>root/document[0]/pages[414](1347 0 obj PDPage)/annots[39](1388 0 obj PDLinkAnnot)</context>\n              <errorMessage>Annotation flags are either missing or set the annotation to be hidden/invisible or non-printable (F = null, Print = null, Hidden = null, Invisible = null, NoView = null)</errorMessage>\n            </check>\n            <check status=\"failed\">\n              <context>root/document[0]/pages[414](1347 0 obj PDPage)/annots[40](1389 0 obj PDLinkAnnot)</context>\n              <errorMessage>Annotation flags are either missing or set the annotation to be hidden/invisible or non-printable (F = null, Print = null, Hidden = null, Invisible = null, NoView = null)</errorMessage>\n            </check>\n            <check status=\"failed\">\n              <context>root/document[0]/pages[414](1347 0 obj PDPage)/annots[41](1390 0 obj PDLinkAnnot)</context>\n              <errorMessage>Annotation flags are either missing or set the annotation to be hidden/invisible or non-printable (F = null, Print = null, Hidden = null, Invisible = null, NoView = null)</errorMessage>\n            </check>\n            <check status=\"failed\">\n              <context>root/document[0]/pages[414](1347 0 obj PDPage)/annots[42](1391 0 obj PDLinkAnnot)</context>\n              <errorMessage>Annotation flags are either missing or set the annotation to be hidden/invisible or non-printable (F = null, Print = null, Hidden = null, Invisible = null, NoView = null)</errorMessage>\n            </check>\n            <check status=\"failed\">\n              <context>root/document[0]/pages[414](1347 0 obj PDPage)/annots[43](1392 0 obj PDLinkAnnot)</context>\n              <errorMessage>Annotation flags are either missing or set the annotation to be hidden/invisible or non-printable (F = null, Print = null, Hidden = null, Invisible = null, NoView = null)</errorMessage>\n            </check>\n            <check status=\"failed\">\n              <context>root/document[0]/pages[414](1347 0 obj PDPage)/annots[44](1393 0 obj PDLinkAnnot)</context>\n              <errorMessage>Annotation flags are either missing or set the annotation to be hidden/invisible or non-printable (F = null, Print = null, Hidden = null, Invisible = null, NoView = null)</errorMessage>\n            </check>\n            <check status=\"failed\">\n              <context>root/document[0]/pages[414](1347 0 obj PDPage)/annots[45](1394 0 obj PDLinkAnnot)</context>\n              <errorMessage>Annotation flags are either missing or set the annotation to be hidden/invisible or non-printable (F = null, Print = null, Hidden = null, Invisible = null, NoView = null)</errorMessage>\n            </check>\n            <check status=\"failed\">\n              <context>root/document[0]/pages[414](1347 0 obj PDPage)/annots[46](1395 0 obj PDLinkAnnot)</context>\n              <errorMessage>Annotation flags are either missing or set the annotation to be hidden/invisible or non-printable (F = null, Print = null, Hidden = null, Invisible = null, NoView = null)</errorMessage>\n            </check>\n            <check status=\"failed\">\n              <context>root/document[0]/pages[414](1347 0 obj PDPage)/annots[47](1396 0 obj PDLinkAnnot)</context>\n              <errorMessage>Annotation flags are either missing or set the annotation to be hidden/invisible or non-printable (F = null, Print = null, Hidden = null, Invisible = null, NoView = null)</errorMessage>\n            </check>\n            <check status=\"failed\">\n              <context>root/document[0]/pages[414](1347 0 obj PDPage)/annots[48](1397 0 obj PDLinkAnnot)</context>\n              <errorMessage>Annotation flags are either missing or set the annotation to be hidden/invisible or non-printable (F = null, Print = null, Hidden = null, Invisible = null, NoView = null)</errorMessage>\n            </check>\n            <check status=\"failed\">\n              <context>root/document[0]/pages[414](1347 0 obj PDPage)/annots[49](1398 0 obj PDLinkAnnot)</context>\n              <errorMessage>Annotation flags are either missing or set the annotation to be hidden/invisible or non-printable (F = null, Print = null, Hidden = null, Invisible = null, NoView = null)</errorMessage>\n            </check>\n            <check status=\"failed\">\n              <context>root/document[0]/pages[414](1347 0 obj PDPage)/annots[50](1399 0 obj PDLinkAnnot)</context>\n              <errorMessage>Annotation flags are either missing or set the annotation to be hidden/invisible or non-printable (F = null, Print = null, Hidden = null, Invisible = null, NoView = null)</errorMessage>\n            </check>\n            <check status=\"failed\">\n              <context>root/document[0]/pages[414](1347 0 obj PDPage)/annots[51](1400 0 obj PDLinkAnnot)</context>\n              <errorMessage>Annotation flags are either missing or set the annotation to be hidden/invisible or non-printable (F = null, Print = null, Hidden = null, Invisible = null, NoView = null)</errorMessage>\n            </check>\n            <check status=\"failed\">\n              <context>root/document[0]/pages[414](1347 0 obj PDPage)/annots[52](1401 0 obj PDLinkAnnot)</context>\n              <errorMessage>Annotation flags are either missing or set the annotation to be hidden/invisible or non-printable (F = null, Print = null, Hidden = null, Invisible = null, NoView = null)</errorMessage>\n            </check>\n            <check status=\"failed\">\n              <context>root/document[0]/pages[414](1347 0 obj PDPage)/annots[53](1402 0 obj PDLinkAnnot)</context>\n              <errorMessage>Annotation flags are either missing or set the annotation to be hidden/invisible or non-printable (F = null, Print = null, Hidden = null, Invisible = null, NoView = null)</errorMessage>\n            </check>\n            <check status=\"failed\">\n              <context>root/document[0]/pages[414](1347 0 obj PDPage)/annots[54](1403 0 obj PDLinkAnnot)</context>\n              <errorMessage>Annotation flags are either missing or set the annotation to be hidden/invisible or non-printable (F = null, Print = null, Hidden = null, Invisible = null, NoView = null)</errorMessage>\n            </check>\n            <check status=\"failed\">\n              <context>root/document[0]/pages[415](1459 0 obj PDPage)/annots[1](1461 0 obj PDLinkAnnot)</context>\n              <errorMessage>Annotation flags are either missing or set the annotation to be hidden/invisible or non-printable (F = null, Print = null, Hidden = null, Invisible = null, NoView = null)</errorMessage>\n            </check>\n            <check status=\"failed\">\n              <context>root/document[0]/pages[415](1459 0 obj PDPage)/annots[2](1462 0 obj PDLinkAnnot)</context>\n              <errorMessage>Annotation flags are either missing or set the annotation to be hidden/invisible or non-printable (F = null, Print = null, Hidden = null, Invisible = null, NoView = null)</errorMessage>\n            </check>\n            <check status=\"failed\">\n              <context>root/document[0]/pages[415](1459 0 obj PDPage)/annots[3](1463 0 obj PDLinkAnnot)</context>\n              <errorMessage>Annotation flags are either missing or set the annotation to be hidden/invisible or non-printable (F = null, Print = null, Hidden = null, Invisible = null, NoView = null)</errorMessage>\n            </check>\n            <check status=\"failed\">\n              <context>root/document[0]/pages[415](1459 0 obj PDPage)/annots[4](1464 0 obj PDLinkAnnot)</context>\n              <errorMessage>Annotation flags are either missing or set the annotation to be hidden/invisible or non-printable (F = null, Print = null, Hidden = null, Invisible = null, NoView = null)</errorMessage>\n            </check>\n            <check status=\"failed\">\n              <context>root/document[0]/pages[415](1459 0 obj PDPage)/annots[5](1465 0 obj PDLinkAnnot)</context>\n              <errorMessage>Annotation flags are either missing or set the annotation to be hidden/invisible or non-printable (F = null, Print = null, Hidden = null, Invisible = null, NoView = null)</errorMessage>\n            </check>\n            <check status=\"failed\">\n              <context>root/document[0]/pages[415](1459 0 obj PDPage)/annots[6](1466 0 obj PDLinkAnnot)</context>\n              <errorMessage>Annotation flags are either missing or set the annotation to be hidden/invisible or non-printable (F = null, Print = null, Hidden = null, Invisible = null, NoView = null)</errorMessage>\n            </check>\n            <check status=\"failed\">\n              <context>root/document[0]/pages[415](1459 0 obj PDPage)/annots[7](1467 0 obj PDLinkAnnot)</context>\n              <errorMessage>Annotation flags are either missing or set the annotation to be hidden/invisible or non-printable (F = null, Print = null, Hidden = null, Invisible = null, NoView = null)</errorMessage>\n            </check>\n            <check status=\"failed\">\n              <context>root/document[0]/pages[415](1459 0 obj PDPage)/annots[8](1468 0 obj PDLinkAnnot)</context>\n              <errorMessage>Annotation flags are either missing or set the annotation to be hidden/invisible or non-printable (F = null, Print = null, Hidden = null, Invisible = null, NoView = null)</errorMessage>\n            </check>\n            <check status=\"failed\">\n              <context>root/document[0]/pages[415](1459 0 obj PDPage)/annots[9](1469 0 obj PDLinkAnnot)</context>\n              <errorMessage>Annotation flags are either missing or set the annotation to be hidden/invisible or non-printable (F = null, Print = null, Hidden = null, Invisible = null, NoView = null)</errorMessage>\n            </check>\n            <check status=\"failed\">\n              <context>root/document[0]/pages[415](1459 0 obj PDPage)/annots[10](1470 0 obj PDLinkAnnot)</context>\n              <errorMessage>Annotation flags are either missing or set the annotation to be hidden/invisible or non-printable (F = null, Print = null, Hidden = null, Invisible = null, NoView = null)</errorMessage>\n            </check>\n            <check status=\"failed\">\n              <context>root/document[0]/pages[415](1459 0 obj PDPage)/annots[11](1471 0 obj PDLinkAnnot)</context>\n              <errorMessage>Annotation flags are either missing or set the annotation to be hidden/invisible or non-printable (F = null, Print = null, Hidden = null, Invisible = null, NoView = null)</errorMessage>\n            </check>\n            <check status=\"failed\">\n              <context>root/document[0]/pages[415](1459 0 obj PDPage)/annots[12](1472 0 obj PDLinkAnnot)</context>\n              <errorMessage>Annotation flags are either missing or set the annotation to be hidden/invisible or non-printable (F = null, Print = null, Hidden = null, Invisible = null, NoView = null)</errorMessage>\n            </check>\n            <check status=\"failed\">\n              <context>root/document[0]/pages[415](1459 0 obj PDPage)/annots[13](1473 0 obj PDLinkAnnot)</context>\n              <errorMessage>Annotation flags are either missing or set the annotation to be hidden/invisible or non-printable (F = null, Print = null, Hidden = null, Invisible = null, NoView = null)</errorMessage>\n            </check>\n            <check status=\"failed\">\n              <context>root/document[0]/pages[415](1459 0 obj PDPage)/annots[14](1474 0 obj PDLinkAnnot)</context>\n              <errorMessage>Annotation flags are either missing or set the annotation to be hidden/invisible or non-printable (F = null, Print = null, Hidden = null, Invisible = null, NoView = null)</errorMessage>\n            </check>\n            <check status=\"failed\">\n              <context>root/document[0]/pages[415](1459 0 obj PDPage)/annots[15](1475 0 obj PDLinkAnnot)</context>\n              <errorMessage>Annotation flags are either missing or set the annotation to be hidden/invisible or non-printable (F = null, Print = null, Hidden = null, Invisible = null, NoView = null)</errorMessage>\n            </check>\n            <check status=\"failed\">\n              <context>root/document[0]/pages[415](1459 0 obj PDPage)/annots[16](1476 0 obj PDLinkAnnot)</context>\n              <errorMessage>Annotation flags are either missing or set the annotation to be hidden/invisible or non-printable (F = null, Print = null, Hidden = null, Invisible = null, NoView = null)</errorMessage>\n            </check>\n            <check status=\"failed\">\n              <context>root/document[0]/pages[415](1459 0 obj PDPage)/annots[17](1477 0 obj PDLinkAnnot)</context>\n              <errorMessage>Annotation flags are either missing or set the annotation to be hidden/invisible or non-printable (F = null, Print = null, Hidden = null, Invisible = null, NoView = null)</errorMessage>\n            </check>\n            <check status=\"failed\">\n              <context>root/document[0]/pages[415](1459 0 obj PDPage)/annots[18](1478 0 obj PDLinkAnnot)</context>\n              <errorMessage>Annotation flags are either missing or set the annotation to be hidden/invisible or non-printable (F = null, Print = null, Hidden = null, Invisible = null, NoView = null)</errorMessage>\n            </check>\n            <check status=\"failed\">\n              <context>root/document[0]/pages[415](1459 0 obj PDPage)/annots[19](1479 0 obj PDLinkAnnot)</context>\n              <errorMessage>Annotation flags are either missing or set the annotation to be hidden/invisible or non-printable (F = null, Print = null, Hidden = null, Invisible = null, NoView = null)</errorMessage>\n            </check>\n            <check status=\"failed\">\n              <context>root/document[0]/pages[415](1459 0 obj PDPage)/annots[20](1480 0 obj PDLinkAnnot)</context>\n              <errorMessage>Annotation flags are either missing or set the annotation to be hidden/invisible or non-printable (F = null, Print = null, Hidden = null, Invisible = null, NoView = null)</errorMessage>\n            </check>\n            <check status=\"failed\">\n              <context>root/document[0]/pages[415](1459 0 obj PDPage)/annots[21](1481 0 obj PDLinkAnnot)</context>\n              <errorMessage>Annotation flags are either missing or set the annotation to be hidden/invisible or non-printable (F = null, Print = null, Hidden = null, Invisible = null, NoView = null)</errorMessage>\n            </check>\n            <check status=\"failed\">\n              <context>root/document[0]/pages[415](1459 0 obj PDPage)/annots[22](1482 0 obj PDLinkAnnot)</context>\n              <errorMessage>Annotation flags are either missing or set the annotation to be hidden/invisible or non-printable (F = null, Print = null, Hidden = null, Invisible = null, NoView = null)</errorMessage>\n            </check>\n            <check status=\"failed\">\n              <context>root/document[0]/pages[415](1459 0 obj PDPage)/annots[23](1483 0 obj PDLinkAnnot)</context>\n              <errorMessage>Annotation flags are either missing or set the annotation to be hidden/invisible or non-printable (F = null, Print = null, Hidden = null, Invisible = null, NoView = null)</errorMessage>\n            </check>\n            <check status=\"failed\">\n              <context>root/document[0]/pages[415](1459 0 obj PDPage)/annots[24](1484 0 obj PDLinkAnnot)</context>\n              <errorMessage>Annotation flags are either missing or set the annotation to be hidden/invisible or non-printable (F = null, Print = null, Hidden = null, Invisible = null, NoView = null)</errorMessage>\n            </check>\n            <check status=\"failed\">\n              <context>root/document[0]/pages[415](1459 0 obj PDPage)/annots[25](1485 0 obj PDLinkAnnot)</context>\n              <errorMessage>Annotation flags are either missing or set the annotation to be hidden/invisible or non-printable (F = null, Print = null, Hidden = null, Invisible = null, NoView = null)</errorMessage>\n            </check>\n            <check status=\"failed\">\n              <context>root/document[0]/pages[415](1459 0 obj PDPage)/annots[26](1486 0 obj PDLinkAnnot)</context>\n              <errorMessage>Annotation flags are either missing or set the annotation to be hidden/invisible or non-printable (F = null, Print = null, Hidden = null, Invisible = null, NoView = null)</errorMessage>\n            </check>\n            <check status=\"failed\">\n              <context>root/document[0]/pages[415](1459 0 obj PDPage)/annots[27](1487 0 obj PDLinkAnnot)</context>\n              <errorMessage>Annotation flags are either missing or set the annotation to be hidden/invisible or non-printable (F = null, Print = null, Hidden = null, Invisible = null, NoView = null)</errorMessage>\n            </check>\n            <check status=\"failed\">\n              <context>root/document[0]/pages[415](1459 0 obj PDPage)/annots[28](1488 0 obj PDLinkAnnot)</context>\n              <errorMessage>Annotation flags are either missing or set the annotation to be hidden/invisible or non-printable (F = null, Print = null, Hidden = null, Invisible = null, NoView = null)</errorMessage>\n            </check>\n            <check status=\"failed\">\n              <context>root/document[0]/pages[415](1459 0 obj PDPage)/annots[29](1489 0 obj PDLinkAnnot)</context>\n              <errorMessage>Annotation flags are either missing or set the annotation to be hidden/invisible or non-printable (F = null, Print = null, Hidden = null, Invisible = null, NoView = null)</errorMessage>\n            </check>\n            <check status=\"failed\">\n              <context>root/document[0]/pages[415](1459 0 obj PDPage)/annots[30](1490 0 obj PDLinkAnnot)</context>\n              <errorMessage>Annotation flags are either missing or set the annotation to be hidden/invisible or non-printable (F = null, Print = null, Hidden = null, Invisible = null, NoView = null)</errorMessage>\n            </check>\n            <check status=\"failed\">\n              <context>root/document[0]/pages[415](1459 0 obj PDPage)/annots[31](1491 0 obj PDLinkAnnot)</context>\n              <errorMessage>Annotation flags are either missing or set the annotation to be hidden/invisible or non-printable (F = null, Print = null, Hidden = null, Invisible = null, NoView = null)</errorMessage>\n            </check>\n            <check status=\"failed\">\n              <context>root/document[0]/pages[415](1459 0 obj PDPage)/annots[32](1492 0 obj PDLinkAnnot)</context>\n              <errorMessage>Annotation flags are either missing or set the annotation to be hidden/invisible or non-printable (F = null, Print = null, Hidden = null, Invisible = null, NoView = null)</errorMessage>\n            </check>\n            <check status=\"failed\">\n              <context>root/document[0]/pages[415](1459 0 obj PDPage)/annots[33](1493 0 obj PDLinkAnnot)</context>\n              <errorMessage>Annotation flags are either missing or set the annotation to be hidden/invisible or non-printable (F = null, Print = null, Hidden = null, Invisible = null, NoView = null)</errorMessage>\n            </check>\n            <check status=\"failed\">\n              <context>root/document[0]/pages[415](1459 0 obj PDPage)/annots[34](1494 0 obj PDLinkAnnot)</context>\n              <errorMessage>Annotation flags are either missing or set the annotation to be hidden/invisible or non-printable (F = null, Print = null, Hidden = null, Invisible = null, NoView = null)</errorMessage>\n            </check>\n            <check status=\"failed\">\n              <context>root/document[0]/pages[415](1459 0 obj PDPage)/annots[35](1495 0 obj PDLinkAnnot)</context>\n              <errorMessage>Annotation flags are either missing or set the annotation to be hidden/invisible or non-printable (F = null, Print = null, Hidden = null, Invisible = null, NoView = null)</errorMessage>\n            </check>\n            <check status=\"failed\">\n              <context>root/document[0]/pages[415](1459 0 obj PDPage)/annots[36](1496 0 obj PDLinkAnnot)</context>\n              <errorMessage>Annotation flags are either missing or set the annotation to be hidden/invisible or non-printable (F = null, Print = null, Hidden = null, Invisible = null, NoView = null)</errorMessage>\n            </check>\n            <check status=\"failed\">\n              <context>root/document[0]/pages[415](1459 0 obj PDPage)/annots[37](1497 0 obj PDLinkAnnot)</context>\n              <errorMessage>Annotation flags are either missing or set the annotation to be hidden/invisible or non-printable (F = null, Print = null, Hidden = null, Invisible = null, NoView = null)</errorMessage>\n            </check>\n            <check status=\"failed\">\n              <context>root/document[0]/pages[415](1459 0 obj PDPage)/annots[38](1498 0 obj PDLinkAnnot)</context>\n              <errorMessage>Annotation flags are either missing or set the annotation to be hidden/invisible or non-printable (F = null, Print = null, Hidden = null, Invisible = null, NoView = null)</errorMessage>\n            </check>\n            <check status=\"failed\">\n              <context>root/document[0]/pages[415](1459 0 obj PDPage)/annots[39](1499 0 obj PDLinkAnnot)</context>\n              <errorMessage>Annotation flags are either missing or set the annotation to be hidden/invisible or non-printable (F = null, Print = null, Hidden = null, Invisible = null, NoView = null)</errorMessage>\n            </check>\n            <check status=\"failed\">\n              <context>root/document[0]/pages[415](1459 0 obj PDPage)/annots[40](1500 0 obj PDLinkAnnot)</context>\n              <errorMessage>Annotation flags are either missing or set the annotation to be hidden/invisible or non-printable (F = null, Print = null, Hidden = null, Invisible = null, NoView = null)</errorMessage>\n            </check>\n            <check status=\"failed\">\n              <context>root/document[0]/pages[415](1459 0 obj PDPage)/annots[41](1501 0 obj PDLinkAnnot)</context>\n              <errorMessage>Annotation flags are either missing or set the annotation to be hidden/invisible or non-printable (F = null, Print = null, Hidden = null, Invisible = null, NoView = null)</errorMessage>\n            </check>\n            <check status=\"failed\">\n              <context>root/document[0]/pages[415](1459 0 obj PDPage)/annots[42](1502 0 obj PDLinkAnnot)</context>\n              <errorMessage>Annotation flags are either missing or set the annotation to be hidden/invisible or non-printable (F = null, Print = null, Hidden = null, Invisible = null, NoView = null)</errorMessage>\n            </check>\n            <check status=\"failed\">\n              <context>root/document[0]/pages[415](1459 0 obj PDPage)/annots[43](1503 0 obj PDLinkAnnot)</context>\n              <errorMessage>Annotation flags are either missing or set the annotation to be hidden/invisible or non-printable (F = null, Print = null, Hidden = null, Invisible = null, NoView = null)</errorMessage>\n            </check>\n            <check status=\"failed\">\n              <context>root/document[0]/pages[415](1459 0 obj PDPage)/annots[44](1504 0 obj PDLinkAnnot)</context>\n              <errorMessage>Annotation flags are either missing or set the annotation to be hidden/invisible or non-printable (F = null, Print = null, Hidden = null, Invisible = null, NoView = null)</errorMessage>\n            </check>\n            <check status=\"failed\">\n              <context>root/document[0]/pages[415](1459 0 obj PDPage)/annots[45](1505 0 obj PDLinkAnnot)</context>\n              <errorMessage>Annotation flags are either missing or set the annotation to be hidden/invisible or non-printable (F = null, Print = null, Hidden = null, Invisible = null, NoView = null)</errorMessage>\n            </check>\n          </rule>\n        </details>\n      </validationReport>\n      <duration start=\"1762172952375\" finish=\"1762172975842\">00:00:23.467</duration>\n    </job>\n  </jobs>\n  <batchSummary totalJobs=\"1\" failedToParse=\"0\" encrypted=\"0\" outOfMemory=\"0\" veraExceptions=\"0\">\n    <validationReports compliant=\"0\" nonCompliant=\"1\" failedJobs=\"0\">1</validationReports>\n    <featureReports failedJobs=\"0\">0</featureReports>\n    <repairReports failedJobs=\"0\">0</repairReports>\n    <duration start=\"1762172951558\" finish=\"1762172975991\">00:00:24.433</duration>\n  </batchSummary>\n</report>\n","MIME type (:unav) with version (:unav) is not supported."],"notes":[]}
{"files":["corpus/file/8161a677-bc93-42c3-a286-6a8f70be24e7"],"analyses":[],"validator":"veraPDF","validatorVersion":"1.28.2","errorMessage":"","type":"","outputExample":["<?xml version=\"1.0\" encoding=\"utf-8\"?>\n<report>\n  <buildInformation>\n    <releaseDetails id=\"core\" version=\"1.28.2\" buildDate=\"2025-07-15T16:07:00+03:00\"></releaseDetails>\n    <releaseDetails id=\"validation-model\" version=\"1.28.2\" buildDate=\"2025-07-15T16:12:00+03:00\"></releaseDetails>\n    <releaseDetails id=\"gui\" version=\"1.28.2\" buildDate=\"2025-07-15T16:59:00+03:00\"></releaseDetails>\n  </buildInformation>\n  <jobs>\n    <job>\n      <item size=\"628\">\n        <name>/corpus/format-corpus/pdf-handbuilt-test-corpus/T02-05-01_001_Stream-BT-missing.pdf</name>\n      </item>\n      <taskException type=\"PARSE\" isExecuted=\"true\" isSuccess=\"false\">\n        <duration start=\"1762173228432\" finish=\"1762173228518\">00:00:00.086</duration>\n        <exceptionMessage>Exception: Couldn't parse stream caused by exception: can not locate xref table</exceptionMessage>\n      </taskException>\n      <duration start=\"1762173228432\" finish=\"1762173228518\">00:00:00.086</duration>\n    </job>\n  </jobs>\n  <batchSummary totalJobs=\"1\" failedToParse=\"1\" encrypted=\"0\" outOfMemory=\"0\" veraExceptions=\"0\">\n    <validationReports compliant=\"0\" nonCompliant=\"0\" failedJobs=\"1\">1</validationReports>\n    <featureReports failedJobs=\"0\">0</featureReports>\n    <repairReports failedJobs=\"0\">0</repairReports>\n    <duration start=\"1762173228388\" finish=\"1762173228549\">00:00:00.161</duration>\n  </batchSummary>\n</report>\n","MIME type (:unav) with version (:unav) is not supported."],"notes":[]}
{"files":["corpus/file/2d5024df-4d85-4aac-9c66-dd9eacdde382"],"analyses":[],"validator":"veraPDF","validatorVersion":"1.28.2","errorMessage":"","type":"","outputExample":["<?xml version=\"1.0\" encoding=\"utf-8\"?>\n<report>\n  <buildInformation>\n    <releaseDetails id=\"core\" version=\"1.28.2\" buildDate=\"2025-07-15T16:07:00+03:00\"></releaseDetails>\n    <releaseDetails id=\"validation-model\" version=\"1.28.2\" buildDate=\"2025-07-15T16:12:00+03:00\"></releaseDetails>\n    <releaseDetails id=\"gui\" version=\"1.28.2\" buildDate=\"2025-07-15T16:59:00+03:00\"></releaseDetails>\n  </buildInformation>\n  <jobs>\n    <job>\n      <item size=\"628\">\n        <name>/corpus/format-corpus/pdf-handbuilt-test-corpus/T02-05-01_002_Stream-ET-missing.pdf</name>\n      </item>\n      <taskException type=\"PARSE\" isExecuted=\"true\" isSuccess=\"false\">\n        <duration start=\"1762173236222\" finish=\"1762173236304\">00:00:00.082</duration>\n        <exceptionMessage>Exception: Couldn't parse stream caused by exception: can not locate xref table</exceptionMessage>\n      </taskException>\n      <duration start=\"1762173236222\" finish=\"1762173236304\">00:00:00.082</duration>\n    </job>\n  </jobs>\n  <batchSummary totalJobs=\"1\" failedToParse=\"1\" encrypted=\"0\" outOfMemory=\"0\" veraExceptions=\"0\">\n    <validationReports compliant=\"0\" nonCompliant=\"0\" failedJobs=\"1\">1</validationReports>\n    <featureReports failedJobs=\"0\">0</featureReports>\n    <repairReports failedJobs=\"0\">0</repairReports>\n    <duration start=\"1762173236176\" finish=\"1762173236326\">00:00:00.150</duration>\n  </batchSummary>\n</report>\n","MIME type (:unav) with version (:unav) is not supported."],"notes":[]}
{"files":["corpus/file/c5faeaf1-c17d-4447-af47-26f87b109a12"],"analyses":[],"validator":"veraPDF","validatorVersion":"1.28.2","errorMessage":"","type":"","outputExample":["<?xml version=\"1.0\" encoding=\"utf-8\"?>\n<report>\n  <buildInformation>\n    <releaseDetails id=\"core\" version=\"1.28.2\" buildDate=\"2025-07-15T16:07:00+03:00\"></releaseDetails>\n    <releaseDetails id=\"validation-model\" version=\"1.28.2\" buildDate=\"2025-07-15T16:12:00+03:00\"></releaseDetails>\n    <releaseDetails id=\"gui\" version=\"1.28.2\" buildDate=\"2025-07-15T16:59:00+03:00\"></releaseDetails>\n  </buildInformation>\n  <jobs>\n    <job>\n      <item size=\"626\">\n        <name>/corpus/format-corpus/pdf-handbuilt-test-corpus/T02-05-01_003_Stream-BT-and-ET-missing.pdf</name>\n      </item>\n      <taskException type=\"PARSE\" isExecuted=\"true\" isSuccess=\"false\">\n        <duration start=\"1762173244433\" finish=\"1762173244517\">00:00:00.084</duration>\n        <exceptionMessage>Exception: Couldn't parse stream caused by exception: can not locate xref table</exceptionMessage>\n      </taskException>\n      <duration start=\"1762173244433\" finish=\"1762173244517\">00:00:00.084</duration>\n    </job>\n  </jobs>\n  <batchSummary totalJobs=\"1\" failedToParse=\"1\" encrypted=\"0\" outOfMemory=\"0\" veraExceptions=\"0\">\n    <validationReports compliant=\"0\" nonCompliant=\"0\" failedJobs=\"1\">1</validationReports>\n    <featureReports failedJobs=\"0\">0</featureReports>\n    <repairReports failedJobs=\"0\">0</repairReports>\n    <duration start=\"1762173244392\" finish=\"1762173244578\">00:00:00.186</duration>\n  </batchSummary>\n</report>\n","MIME type (:unav) with version (:unav) is not supported."],"notes":[]}
{"files":["corpus/file/90e97f12-d98e-4186-85b1-5bd5c95e0b11"],"analyses":[],"validator":"veraPDF","validatorVersion":"1.28.2","errorMessage":"","type":"","outputExample":["<?xml version=\"1.0\" encoding=\"utf-8\"?>\n<report>\n  <buildInformation>\n    <releaseDetails id=\"core\" version=\"1.28.2\" buildDate=\"2025-07-15T16:07:00+03:00\"></releaseDetails>\n    <releaseDetails id=\"validation-model\" version=\"1.28.2\" buildDate=\"2025-07-15T16:12:00+03:00\"></releaseDetails>\n    <releaseDetails id=\"gui\" version=\"1.28.2\" buildDate=\"2025-07-15T16:59:00+03:00\"></releaseDetails>\n  </buildInformation>\n  <jobs>\n    <job>\n      <item size=\"626\">\n        <name>/corpus/format-corpus/pdf-handbuilt-test-corpus/T02-05-01_004_Font-name-operator--missing.pdf</name>\n      </item>\n      <taskException type=\"PARSE\" isExecuted=\"true\" isSuccess=\"false\">\n        <duration start=\"1762173252044\" finish=\"1762173252160\">00:00:00.116</duration>\n        <exceptionMessage>Exception: Couldn't parse stream caused by exception: can not locate xref table</exceptionMessage>\n      </taskException>\n      <duration start=\"1762173252044\" finish=\"1762173252160\">00:00:00.116</duration>\n    </job>\n  </jobs>\n  <batchSummary totalJobs=\"1\" failedToParse=\"1\" encrypted=\"0\" outOfMemory=\"0\" veraExceptions=\"0\">\n    <validationReports compliant=\"0\" nonCompliant=\"0\" failedJobs=\"1\">1</validationReports>\n    <featureReports failedJobs=\"0\">0</featureReports>\n    <repairReports failedJobs=\"0\">0</repairReports>\n    <duration start=\"1762173252011\" finish=\"1762173252199\">00:00:00.188</duration>\n  </batchSummary>\n</report>\n","MIME type (:unav) with version (:unav) is not supported."],"notes":[]}
{"files":["corpus/file/485e105f-1d56-45db-bcb3-761b0c912a3e"],"analyses":[],"validator":"veraPDF","validatorVersion":"1.28.2","errorMessage":"","type":"","outputExample":["<?xml version=\"1.0\" encoding=\"utf-8\"?>\n<report>\n  <buildInformation>\n    <releaseDetails id=\"core\" version=\"1.28.2\" buildDate=\"2025-07-15T16:07:00+03:00\"></releaseDetails>\n    <releaseDetails id=\"validation-model\" version=\"1.28.2\" buildDate=\"2025-07-15T16:12:00+03:00\"></releaseDetails>\n    <releaseDetails id=\"gui\" version=\"1.28.2\" buildDate=\"2025-07-15T16:59:00+03:00\"></releaseDetails>\n  </buildInformation>\n  <jobs>\n    <job>\n      <item size=\"630\">\n        <name>/corpus/format-corpus/pdf-handbuilt-test-corpus/T02-05-01_005_invalid-Font-name-operator.pdf</name>\n      </item>\n      <taskException type=\"PARSE\" isExecuted=\"true\" isSuccess=\"false\">\n        <duration start=\"1762173260029\" finish=\"1762173260113\">00:00:00.084</duration>\n        <exceptionMessage>Exception: Couldn't parse stream caused by exception: can not locate xref table</exceptionMessage>\n      </taskException>\n      <duration start=\"1762173260029\" finish=\"1762173260113\">00:00:00.084</duration>\n    </job>\n  </jobs>\n  <batchSummary totalJobs=\"1\" failedToParse=\"1\" encrypted=\"0\" outOfMemory=\"0\" veraExceptions=\"0\">\n    <validationReports compliant=\"0\" nonCompliant=\"0\" failedJobs=\"1\">1</validationReports>\n    <featureReports failedJobs=\"0\">0</featureReports>\n    <repairReports failedJobs=\"0\">0</repairReports>\n    <duration start=\"1762173259927\" finish=\"1762173260166\">00:00:00.239</duration>\n  </batchSummary>\n</report>\n","MIME type (:unav) with version (:unav) is not supported."],"notes":[]}
{"files":["corpus/file/3661e982-120f-4746-928f-09169c4aa195"],"analyses":[],"validator":"veraPDF","validatorVersion":"1.28.2","errorMessage":"","type":"","outputExample":["<?xml version=\"1.0\" encoding=\"utf-8\"?>\n<report>\n  <buildInformation>\n    <releaseDetails id=\"core\" version=\"1.28.2\" buildDate=\"2025-07-15T16:07:00+03:00\"></releaseDetails>\n    <releaseDetails id=\"validation-model\" version=\"1.28.2\" buildDate=\"2025-07-15T16:12:00+03:00\"></releaseDetails>\n    <releaseDetails id=\"gui\" version=\"1.28.2\" buildDate=\"2025-07-15T16:59:00+03:00\"></releaseDetails>\n  </buildInformation>\n  <jobs>\n    <job>\n      <item size=\"628\">\n        <name>/corpus/format-corpus/pdf-handbuilt-test-corpus/T02-05-01_006_font-size-operator-missing.pdf</name>\n      </item>\n      <taskException type=\"PARSE\" isExecuted=\"true\" isSuccess=\"false\">\n        <duration start=\"1762173267775\" finish=\"1762173267919\">00:00:00.144</duration>\n        <exceptionMessage>Exception: Couldn't parse stream caused by exception: can not locate xref table</exceptionMessage>\n      </taskException>\n      <duration start=\"1762173267775\" finish=\"1762173267919\">00:00:00.144</duration>\n    </job>\n  </jobs>\n  <batchSummary totalJobs=\"1\" failedToParse=\"1\" encrypted=\"0\" outOfMemory=\"0\" veraExceptions=\"0\">\n    <validationReports compliant=\"0\" nonCompliant=\"0\" failedJobs=\"1\">1</validationReports>\n    <featureReports failedJobs=\"0\">0</featureReports>\n    <repairReports failedJobs=\"0\">0</repairReports>\n    <duration start=\"1762173267726\" finish=\"1762173267946\">00:00:00.220</duration>\n  </batchSummary>\n</report>\n","MIME type (:unav) with version (:unav) is not supported."],"notes":[]}
{"files":["corpus/file/c112f54a-2d3c-4a57-b569-d99c04be1287"],"analyses":[],"validator":"veraPDF","validatorVersion":"1.28.2","errorMessage":"","type":"","outputExample":["<?xml version=\"1.0\" encoding=\"utf-8\"?>\n<report>\n  <buildInformation>\n    <releaseDetails id=\"core\" version=\"1.28.2\" buildDate=\"2025-07-15T16:07:00+03:00\"></releaseDetails>\n    <releaseDetails id=\"validation-model\" version=\"1.28.2\" buildDate=\"2025-07-15T16:12:00+03:00\"></releaseDetails>\n    <releaseDetails id=\"gui\" version=\"1.28.2\" buildDate=\"2025-07-15T16:59:00+03:00\"></releaseDetails>\n  </buildInformation>\n  <jobs>\n    <job>\n      <item size=\"636\">\n        <name>/corpus/format-corpus/pdf-handbuilt-test-corpus/T02-05-01_007_invalid-font-size-operator.pdf</name>\n      </item>\n      <validationReport jobEndStatus=\"normal\" profileName=\"PDF/A-1B validation profile\" statement=\"PDF file is not compliant with Validation Profile requirements.\" isCompliant=\"false\">\n        <details passedRules=\"121\" failedRules=\"8\" passedChecks=\"106\" failedChecks=\"12\">\n          <rule specification=\"ISO 19005-1:2005\" clause=\"6.7.2\" testNumber=\"1\" status=\"failed\" failedChecks=\"1\">\n            <description>The document catalog dictionary of a conforming file shall contain the Metadata key. The metadata stream dictionary shall contain entry Type with value /Metadata and entry Subtype with value /XML</description>\n            <object>PDDocument</object>\n            <test>containsMetadata == true</test>\n            <check status=\"failed\">\n              <context>root/document[0]</context>\n              <errorMessage>The document catalog dictionary doesn't contain metadata key or metadata stream dictionary does not contain either entry Type with value /Metadata or entry Subtype with value /XML</errorMessage>\n            </check>\n          </rule>\n          <rule specification=\"ISO 19005-1:2005\" clause=\"6.1.8\" testNumber=\"1\" status=\"failed\" failedChecks=\"5\">\n            <description>The object number and generation number shall be separated by a single white-space character. The generation number and obj keyword shall be separated by a single white-space character. The object number and endobj keyword shall each be preceded by an EOL marker. The obj and endobj keywords shall each be followed by an EOL marker</description>\n            <object>CosIndirect</object>\n            <test>spacingCompliesPDFA</test>\n            <check status=\"failed\">\n              <context>root/indirectObjects[0](5 0)</context>\n              <errorMessage>Extra spacings or missing EOL characters around indirect object/generation number or keywords 'obj' and 'endobj'</errorMessage>\n            </check>\n            <check status=\"failed\">\n              <context>root/indirectObjects[1](4 0)</context>\n              <errorMessage>Extra spacings or missing EOL characters around indirect object/generation number or keywords 'obj' and 'endobj'</errorMessage>\n            </check>\n            <check status=\"failed\">\n              <context>root/indirectObjects[2](3 0)</context>\n              <errorMessage>Extra spacings or missing EOL characters around indirect object/generation number or keywords 'obj' and 'endobj'</errorMessage>\n            </check>\n            <check status=\"failed\">\n              <context>root/indirectObjects[3](2 0)</context>\n              <errorMessage>Extra spacings or missing EOL characters around indirect object/generation number or keywords 'obj' and 'endobj'</errorMessage>\n            </check>\n            <check status=\"failed\">\n              <context>root/indirectObjects[4](1 0)</context>\n              <errorMessage>Extra spacings or missing EOL characters around indirect object/generation number or keywords 'obj' and 'endobj'</errorMessage>\n            </check>\n          </rule>\n          <rule specification=\"ISO 19005-1:2005\" clause=\"6.1.7\" testNumber=\"1\" status=\"failed\" failedChecks=\"1\">\n            <description>The value of the Length key specified in the stream dictionary shall match the number of bytes in the file following the LINE FEED character after the stream keyword and preceding the EOL marker before the endstream keyword</description>\n            <object>CosStream</object>\n            <test>Length == realLength</test>\n            <check status=\"failed\">\n              <context>root/indirectObjects[1](4 0)/directObject[0]</context>\n              <errorMessage>Actual length of the stream (69 byte(s)) does not match the value of the Length key in the Stream dictionary (68 byte(s))</errorMessage>\n            </check>\n          </rule>\n          <rule specification=\"ISO 19005-1:2005\" clause=\"6.1.3\" testNumber=\"1\" status=\"failed\" failedChecks=\"1\">\n            <description>The file trailer dictionary shall contain the ID keyword. The file trailer referred to is either the last trailer dictionary in a PDF file, as described in PDF Reference 3.4.4 and 3.4.5, or the first page trailer in a linearized PDF file, as described in PDF Reference F.2</description>\n            <object>CosDocument</object>\n            <test>(isLinearized == true) ? (firstPageID != null) : (lastID != null)</test>\n            <check status=\"failed\">\n              <context>root</context>\n              <errorMessage>Missing ID in the document trailer</errorMessage>\n            </check>\n          </rule>\n          <rule specification=\"ISO 19005-1:2005\" clause=\"6.3.4\" testNumber=\"1\" status=\"failed\" failedChecks=\"1\">\n            <description>The font programs for all fonts used within a conforming file shall be embedded within that file, as defined in PDF Reference 5.8, except when the fonts are used exclusively with text rendering mode 3</description>\n            <object>PDFont</object>\n            <test>Subtype == \"Type3\" || Subtype == \"Type0\" || renderingMode == 3 || containsFontFile == true</test>\n            <check status=\"failed\">\n              <context>root/document[0]/pages[0](2 0 obj PDPage)/contentStream[0]/operators[3]/font[0](Times-Italic)</context>\n              <errorMessage>The font program is not embedded</errorMessage>\n            </check>\n          </rule>\n          <rule specification=\"ISO 19005-1:2005\" clause=\"6.1.2\" testNumber=\"1\" status=\"failed\" failedChecks=\"1\">\n            <description>The % character of the file header shall occur at byte offset 0 of the file. The first line of a PDF file is a header identifying the version of the PDF specification to which the file conforms</description>\n            <object>CosDocument</object>\n            <test>headerOffset == 0 &amp;&amp; /%PDF-\\d\\.\\d/.test(header)</test>\n            <check status=\"failed\">\n              <context>root</context>\n              <errorMessage>File header  %PDF-1.4 (offset = 1) starts at non-zero offset or does not match the pattern %PDF-n.m</errorMessage>\n            </check>\n          </rule>\n          <rule specification=\"ISO 19005-1:2005\" clause=\"6.1.12\" testNumber=\"2\" status=\"failed\" failedChecks=\"1\">\n            <description>Absolute real value must be less than or equal to 32767.0</description>\n            <object>CosReal</object>\n            <test>(realValue &gt;= -32767.0) &amp;&amp; (realValue &lt;= 32767.0)</test>\n            <check status=\"failed\">\n              <context>root/document[0]/pages[0](2 0 obj PDPage)/contentStream[0]/operators[2]/size[0]</context>\n              <errorMessage>Real value 36999999 out of range</errorMessage>\n            </check>\n          </rule>\n          <rule specification=\"ISO 19005-1:2005\" clause=\"6.2.3.3\" testNumber=\"3\" status=\"failed\" failedChecks=\"1\">\n            <description>If an uncalibrated colour space is used in a file then that file shall contain a PDF/A-1 OutputIntent, as defined in 6.2.2</description>\n            <object>PDDeviceGray</object>\n            <test>gOutputCS != null</test>\n            <check status=\"failed\">\n              <context>root/document[0]/pages[0](2 0 obj PDPage)/contentStream[0]/operators[3]/fillCS[0]</context>\n              <errorMessage>DeviceGray colour space is used without output intent profile</errorMessage>\n            </check>\n          </rule>\n        </details>\n      </validationReport>\n      <duration start=\"1762173276180\" finish=\"1762173276846\">00:00:00.666</duration>\n    </job>\n  </jobs>\n  <batchSummary totalJobs=\"1\" failedToParse=\"0\" encrypted=\"0\" outOfMemory=\"0\" veraExceptions=\"0\">\n    <validationReports compliant=\"0\" nonCompliant=\"1\" failedJobs=\"0\">1</validationReports>\n    <featureReports failedJobs=\"0\">0</featureReports>\n    <repairReports failedJobs=\"0\">0</repairReports>\n    <duration start=\"1762173276038\" finish=\"1762173276920\">00:00:00.882</duration>\n  </batchSummary>\n</report>\n","MIME type (:unav) with version (:unav) is not supported."],"notes":[]}
{"files":["corpus/file/5123a927-6b02-4116-a440-3d7e51cf9b1c"],"analyses":[],"validator":"veraPDF","validatorVersion":"1.28.2","errorMessage":"","type":"","outputExample":["<?xml version=\"1.0\" encoding=\"utf-8\"?>\n<report>\n  <buildInformation>\n    <releaseDetails id=\"core\" version=\"1.28.2\" buildDate=\"2025-07-15T16:07:00+03:00\"></releaseDetails>\n    <releaseDetails id=\"validation-model\" version=\"1.28.2\" buildDate=\"2025-07-15T16:12:00+03:00\"></releaseDetails>\n    <releaseDetails id=\"gui\" version=\"1.28.2\" buildDate=\"2025-07-15T16:59:00+03:00\"></releaseDetails>\n  </buildInformation>\n  <jobs>\n    <job>\n      <item size=\"628\">\n        <name>/corpus/format-corpus/pdf-handbuilt-test-corpus/T02-05-01_008_Font-set-operator-missing.pdf</name>\n      </item>\n      <taskException type=\"PARSE\" isExecuted=\"true\" isSuccess=\"false\">\n        <duration start=\"1762173285208\" finish=\"1762173285363\">00:00:00.155</duration>\n        <exceptionMessage>Exception: Couldn't parse stream caused by exception: can not locate xref table</exceptionMessage>\n      </taskException>\n      <duration start=\"1762173285208\" finish=\"1762173285363\">00:00:00.155</duration>\n    </job>\n  </jobs>\n  <batchSummary totalJobs=\"1\" failedToParse=\"1\" encrypted=\"0\" outOfMemory=\"0\" veraExceptions=\"0\">\n    <validationReports compliant=\"0\" nonCompliant=\"0\" failedJobs=\"1\">1</validationReports>\n    <featureReports failedJobs=\"0\">0</featureReports>\n    <repairReports failedJobs=\"0\">0</repairReports>\n    <duration start=\"1762173285134\" finish=\"1762173285417\">00:00:00.283</duration>\n  </batchSummary>\n</report>\n","MIME type (:unav) with version (:unav) is not supported."],"notes":[]}
{"files":["corpus/file/d2a35fb2-1481-4a15-a14b-c611c1429f15"],"analyses":[],"validator":"veraPDF","validatorVersion":"1.28.2","errorMessage":"","type":"","outputExample":["<?xml version=\"1.0\" encoding=\"utf-8\"?>\n<report>\n  <buildInformation>\n    <releaseDetails id=\"core\" version=\"1.28.2\" buildDate=\"2025-07-15T16:07:00+03:00\"></releaseDetails>\n    <releaseDetails id=\"validation-model\" version=\"1.28.2\" buildDate=\"2025-07-15T16:12:00+03:00\"></releaseDetails>\n    <releaseDetails id=\"gui\" version=\"1.28.2\" buildDate=\"2025-07-15T16:59:00+03:00\"></releaseDetails>\n  </buildInformation>\n  <jobs>\n    <job>\n      <item size=\"629\">\n        <name>/corpus/format-corpus/pdf-handbuilt-test-corpus/T02-05-01_009_Missing_open_paranthesis.pdf</name>\n      </item>\n      <taskException type=\"PARSE\" isExecuted=\"true\" isSuccess=\"false\">\n        <duration start=\"1762173293217\" finish=\"1762173293327\">00:00:00.110</duration>\n        <exceptionMessage>Exception: Couldn't parse stream caused by exception: can not locate xref table</exceptionMessage>\n      </taskException>\n      <duration start=\"1762173293217\" finish=\"1762173293327\">00:00:00.110</duration>\n    </job>\n  </jobs>\n  <batchSummary totalJobs=\"1\" failedToParse=\"1\" encrypted=\"0\" outOfMemory=\"0\" veraExceptions=\"0\">\n    <validationReports compliant=\"0\" nonCompliant=\"0\" failedJobs=\"1\">1</validationReports>\n    <featureReports failedJobs=\"0\">0</featureReports>\n    <repairReports failedJobs=\"0\">0</repairReports>\n    <duration start=\"1762173293170\" finish=\"1762173293354\">00:00:00.184</duration>\n  </batchSummary>\n</report>\n","MIME type (:unav) with version (:unav) is not supported."],"notes":[]}
{"files":["corpus/file/c76a3a22-2342-4c07-ae45-1e0eb1b30620"],"analyses":[],"validator":"veraPDF","validatorVersion":"1.28.2","errorMessage":"","type":"","outputExample":["<?xml version=\"1.0\" encoding=\"utf-8\"?>\n<report>\n  <buildInformation>\n    <releaseDetails id=\"core\" version=\"1.28.2\" buildDate=\"2025-07-15T16:07:00+03:00\"></releaseDetails>\n    <releaseDetails id=\"validation-model\" version=\"1.28.2\" buildDate=\"2025-07-15T16:12:00+03:00\"></releaseDetails>\n    <releaseDetails id=\"gui\" version=\"1.28.2\" buildDate=\"2025-07-15T16:59:00+03:00\"></releaseDetails>\n  </buildInformation>\n  <jobs>\n    <job>\n      <item size=\"629\">\n        <name>/corpus/format-corpus/pdf-handbuilt-test-corpus/T02-05-01_010_Missing_closing_paranthesis.pdf</name>\n      </item>\n      <taskException type=\"PARSE\" isExecuted=\"true\" isSuccess=\"false\">\n        <duration start=\"1762173301397\" finish=\"1762173301479\">00:00:00.082</duration>\n        <exceptionMessage>Exception: Couldn't parse stream caused by exception: can not locate xref table</exceptionMessage>\n      </taskException>\n      <duration start=\"1762173301397\" finish=\"1762173301479\">00:00:00.082</duration>\n    </job>\n  </jobs>\n  <batchSummary totalJobs=\"1\" failedToParse=\"1\" encrypted=\"0\" outOfMemory=\"0\" veraExceptions=\"0\">\n    <validationReports compliant=\"0\" nonCompliant=\"0\" failedJobs=\"1\">1</validationReports>\n    <featureReports failedJobs=\"0\">0</featureReports>\n    <repairReports failedJobs=\"0\">0</repairReports>\n    <duration start=\"1762173301321\" finish=\"1762173301510\">00:00:00.189</duration>\n  </batchSummary>\n</report>\n","MIME type (:unav) with version (:unav) is not supported."],"notes":[]}
{"files":["corpus/file/4ab3613a-f084-4c2e-b50d-21020427d131"],"analyses":[],"validator":"veraPDF","validatorVersion":"1.28.2","errorMessage":"","type":"","outputExample":["<?xml version=\"1.0\" encoding=\"utf-8\"?>\n<report>\n  <buildInformation>\n    <releaseDetails id=\"core\" version=\"1.28.2\" buildDate=\"2025-07-15T16:07:00+03:00\"></releaseDetails>\n    <releaseDetails id=\"validation-model\" version=\"1.28.2\" buildDate=\"2025-07-15T16:12:00+03:00\"></releaseDetails>\n    <releaseDetails id=\"gui\" version=\"1.28.2\" buildDate=\"2025-07-15T16:59:00+03:00\"></releaseDetails>\n  </buildInformation>\n  <jobs>\n    <job>\n      <item size=\"630\">\n        <name>/corpus/format-corpus/pdf-handbuilt-test-corpus/T02-05-01_011_paranthesis-substituted-with-brackets.pdf</name>\n      </item>\n      <taskException type=\"PARSE\" isExecuted=\"true\" isSuccess=\"false\">\n        <duration start=\"1762173309684\" finish=\"1762173309819\">00:00:00.135</duration>\n        <exceptionMessage>Exception: Couldn't parse stream caused by exception: can not locate xref table</exceptionMessage>\n      </taskException>\n      <duration start=\"1762173309684\" finish=\"1762173309819\">00:00:00.135</duration>\n    </job>\n  </jobs>\n  <batchSummary totalJobs=\"1\" failedToParse=\"1\" encrypted=\"0\" outOfMemory=\"0\" veraExceptions=\"0\">\n    <validationReports compliant=\"0\" nonCompliant=\"0\" failedJobs=\"1\">1</validationReports>\n    <featureReports failedJobs=\"0\">0</featureReports>\n    <repairReports failedJobs=\"0\">0</repairReports>\n    <duration start=\"1762173309641\" finish=\"1762173309878\">00:00:00.237</duration>\n  </batchSummary>\n</report>\n","MIME type (:unav) with version (:unav) is not supported."],"notes":[]}
{"files":["corpus/file/890e5e09-3bce-49cc-a16b-9c7fb9d54ccb"],"analyses":[],"validator":"veraPDF","validatorVersion":"1.28.2","errorMessage":"","type":"","outputExample":["<?xml version=\"1.0\" encoding=\"utf-8\"?>\n<report>\n  <buildInformation>\n    <releaseDetails id=\"core\" version=\"1.28.2\" buildDate=\"2025-07-15T16:07:00+03:00\"></releaseDetails>\n    <releaseDetails id=\"validation-model\" version=\"1.28.2\" buildDate=\"2025-07-15T16:12:00+03:00\"></releaseDetails>\n    <releaseDetails id=\"gui\" version=\"1.28.2\" buildDate=\"2025-07-15T16:59:00+03:00\"></releaseDetails>\n  </buildInformation>\n  <jobs>\n    <job>\n      <item size=\"628\">\n        <name>/corpus/format-corpus/pdf-handbuilt-test-corpus/T02-05-01_012_text-show-operator-missing.pdf</name>\n      </item>\n      <taskException type=\"PARSE\" isExecuted=\"true\" isSuccess=\"false\">\n        <duration start=\"1762173317663\" finish=\"1762173317787\">00:00:00.124</duration>\n        <exceptionMessage>Exception: Couldn't parse stream caused by exception: can not locate xref table</exceptionMessage>\n      </taskException>\n      <duration start=\"1762173317663\" finish=\"1762173317787\">00:00:00.124</duration>\n    </job>\n  </jobs>\n  <batchSummary totalJobs=\"1\" failedToParse=\"1\" encrypted=\"0\" outOfMemory=\"0\" veraExceptions=\"0\">\n    <validationReports compliant=\"0\" nonCompliant=\"0\" failedJobs=\"1\">1</validationReports>\n    <featureReports failedJobs=\"0\">0</featureReports>\n    <repairReports failedJobs=\"0\">0</repairReports>\n    <duration start=\"1762173317590\" finish=\"1762173317811\">00:00:00.221</duration>\n  </batchSummary>\n</report>\n","MIME type (:unav) with version (:unav) is not supported."],"notes":[]}
{"files":["corpus/file/ef134c1c-4f67-4f51-89b6-0bcc945d698b"],"analyses":[],"validator":"veraPDF","validatorVersion":"1.28.2","errorMessage":"","type":"","outputExample":["<?xml version=\"1.0\" encoding=\"utf-8\"?>\n<report>\n  <buildInformation>\n    <releaseDetails id=\"core\" version=\"1.28.2\" buildDate=\"2025-07-15T16:07:00+03:00\"></releaseDetails>\n    <releaseDetails id=\"validation-model\" version=\"1.28.2\" buildDate=\"2025-07-15T16:12:00+03:00\"></releaseDetails>\n    <releaseDetails id=\"gui\" version=\"1.28.2\" buildDate=\"2025-07-15T16:59:00+03:00\"></releaseDetails>\n  </buildInformation>\n  <jobs>\n    <job>\n      <item size=\"624\">\n        <name>/corpus/format-corpus/pdf-handbuilt-test-corpus/T02-05-01_013_stream-keyword-missing.pdf</name>\n      </item>\n      <taskException type=\"PARSE\" isExecuted=\"true\" isSuccess=\"false\">\n        <duration start=\"1762173325255\" finish=\"1762173325330\">00:00:00.075</duration>\n        <exceptionMessage>Exception: Couldn't parse stream caused by exception: can not locate xref table</exceptionMessage>\n      </taskException>\n      <duration start=\"1762173325255\" finish=\"1762173325330\">00:00:00.075</duration>\n    </job>\n  </jobs>\n  <batchSummary totalJobs=\"1\" failedToParse=\"1\" encrypted=\"0\" outOfMemory=\"0\" veraExceptions=\"0\">\n    <validationReports compliant=\"0\" nonCompliant=\"0\" failedJobs=\"1\">1</validationReports>\n    <featureReports failedJobs=\"0\">0</featureReports>\n    <repairReports failedJobs=\"0\">0</repairReports>\n    <duration start=\"1762173325211\" finish=\"1762173325365\">00:00:00.154</duration>\n  </batchSummary>\n</report>\n","MIME type (:unav) with version (:unav) is not supported."],"notes":[]}
{"files":["corpus/file/3a64046a-9168-4402-86b6-e4e62ff0bb6e"],"analyses":[],"validator":"veraPDF","validatorVersion":"1.28.2","errorMessage":"","type":"","outputExample":["<?xml version=\"1.0\" encoding=\"utf-8\"?>\n<report>\n  <buildInformation>\n    <releaseDetails id=\"core\" version=\"1.28.2\" buildDate=\"2025-07-15T16:07:00+03:00\"></releaseDetails>\n    <releaseDetails id=\"validation-model\" version=\"1.28.2\" buildDate=\"2025-07-15T16:12:00+03:00\"></releaseDetails>\n    <releaseDetails id=\"gui\" version=\"1.28.2\" buildDate=\"2025-07-15T16:59:00+03:00\"></releaseDetails>\n  </buildInformation>\n  <jobs>\n    <job>\n      <item size=\"620\">\n        <name>/corpus/format-corpus/pdf-handbuilt-test-corpus/T02-05-01_014_endstream-keyword-missing.pdf</name>\n      </item>\n      <taskException type=\"PARSE\" isExecuted=\"true\" isSuccess=\"false\">\n        <duration start=\"1762173332901\" finish=\"1762173333004\">00:00:00.103</duration>\n        <exceptionMessage>Exception: Couldn't parse stream caused by exception: can not locate xref table</exceptionMessage>\n      </taskException>\n      <duration start=\"1762173332901\" finish=\"1762173333004\">00:00:00.103</duration>\n    </job>\n  </jobs>\n  <batchSummary totalJobs=\"1\" failedToParse=\"1\" encrypted=\"0\" outOfMemory=\"0\" veraExceptions=\"0\">\n    <validationReports compliant=\"0\" nonCompliant=\"0\" failedJobs=\"1\">1</validationReports>\n    <featureReports failedJobs=\"0\">0</featureReports>\n    <repairReports failedJobs=\"0\">0</repairReports>\n    <duration start=\"1762173332852\" finish=\"1762173333036\">00:00:00.184</duration>\n  </batchSummary>\n</report>\n","MIME type (:unav) with version (:unav) is not supported."],"notes":[]}
{"files":["corpus/file/2c02658a-0efc-404c-947a-60590c4222a4"],"analyses":[],"validator":"veraPDF","validatorVersion":"1.28.2","errorMessage":"","type":"","outputExample":["<?xml version=\"1.0\" encoding=\"utf-8\"?>\n<report>\n  <buildInformation>\n    <releaseDetails id=\"core\" version=\"1.28.2\" buildDate=\"2025-07-15T16:07:00+03:00\"></releaseDetails>\n    <releaseDetails id=\"validation-model\" version=\"1.28.2\" buildDate=\"2025-07-15T16:12:00+03:00\"></releaseDetails>\n    <releaseDetails id=\"gui\" version=\"1.28.2\" buildDate=\"2025-07-15T16:59:00+03:00\"></releaseDetails>\n  </buildInformation>\n  <jobs>\n    <job>\n      <item size=\"635\">\n        <name>/corpus/format-corpus/pdf-handbuilt-test-corpus/T02-05-01_017_bytes-between-endstream-endobj.pdf</name>\n      </item>\n      <validationReport jobEndStatus=\"normal\" profileName=\"PDF/A-1B validation profile\" statement=\"PDF file is not compliant with Validation Profile requirements.\" isCompliant=\"false\">\n        <details passedRules=\"122\" failedRules=\"7\" passedChecks=\"107\" failedChecks=\"11\">\n          <rule specification=\"ISO 19005-1:2005\" clause=\"6.3.4\" testNumber=\"1\" status=\"failed\" failedChecks=\"1\">\n            <description>The font programs for all fonts used within a conforming file shall be embedded within that file, as defined in PDF Reference 5.8, except when the fonts are used exclusively with text rendering mode 3</description>\n            <object>PDFont</object>\n            <test>Subtype == \"Type3\" || Subtype == \"Type0\" || renderingMode == 3 || containsFontFile == true</test>\n            <check status=\"failed\">\n              <context>root/document[0]/pages[0](2 0 obj PDPage)/contentStream[0]/operators[3]/font[0](Times-Italic)</context>\n              <errorMessage>The font program is not embedded</errorMessage>\n            </check>\n          </rule>\n          <rule specification=\"ISO 19005-1:2005\" clause=\"6.7.2\" testNumber=\"1\" status=\"failed\" failedChecks=\"1\">\n            <description>The document catalog dictionary of a conforming file shall contain the Metadata key. The metadata stream dictionary shall contain entry Type with value /Metadata and entry Subtype with value /XML</description>\n            <object>PDDocument</object>\n            <test>containsMetadata == true</test>\n            <check status=\"failed\">\n              <context>root/document[0]</context>\n              <errorMessage>The document catalog dictionary doesn't contain metadata key or metadata stream dictionary does not contain either entry Type with value /Metadata or entry Subtype with value /XML</errorMessage>\n            </check>\n          </rule>\n          <rule specification=\"ISO 19005-1:2005\" clause=\"6.1.3\" testNumber=\"1\" status=\"failed\" failedChecks=\"1\">\n            <description>The file trailer dictionary shall contain the ID keyword. The file trailer referred to is either the last trailer dictionary in a PDF file, as described in PDF Reference 3.4.4 and 3.4.5, or the first page trailer in a linearized PDF file, as described in PDF Reference F.2</description>\n            <object>CosDocument</object>\n            <test>(isLinearized == true) ? (firstPageID != null) : (lastID != null)</test>\n            <check status=\"failed\">\n              <context>root</context>\n              <errorMessage>Missing ID in the document trailer</errorMessage>\n            </check>\n          </rule>\n          <rule specification=\"ISO 19005-1:2005\" clause=\"6.1.2\" testNumber=\"1\" status=\"failed\" failedChecks=\"1\">\n            <description>The % character of the file header shall occur at byte offset 0 of the file. The first line of a PDF file is a header identifying the version of the PDF specification to which the file conforms</description>\n            <object>CosDocument</object>\n            <test>headerOffset == 0 &amp;&amp; /%PDF-\\d\\.\\d/.test(header)</test>\n            <check status=\"failed\">\n              <context>root</context>\n              <errorMessage>File header  %PDF-1.4 (offset = 1) starts at non-zero offset or does not match the pattern %PDF-n.m</errorMessage>\n            </check>\n          </rule>\n          <rule specification=\"ISO 19005-1:2005\" clause=\"6.1.8\" testNumber=\"1\" status=\"failed\" failedChecks=\"5\">\n            <description>The object number and generation number shall be separated by a single white-space character. The generation number and obj keyword shall be separated by a single white-space character. The object number and endobj keyword shall each be preceded by an EOL marker. The obj and endobj keywords shall each be followed by an EOL marker</description>\n            <object>CosIndirect</object>\n            <test>spacingCompliesPDFA</test>\n            <check status=\"failed\">\n              <context>root/indirectObjects[0](5 0)</context>\n              <errorMessage>Extra spacings or missing EOL characters around indirect object/generation number or keywords 'obj' and 'endobj'</errorMessage>\n            </check>\n            <check status=\"failed\">\n              <context>root/indirectObjects[1](4 0)</context>\n              <errorMessage>Extra spacings or missing EOL characters around indirect object/generation number or keywords 'obj' and 'endobj'</errorMessage>\n            </check>\n            <check status=\"failed\">\n              <context>root/indirectObjects[2](3 0)</context>\n              <errorMessage>Extra spacings or missing EOL characters around indirect object/generation number or keywords 'obj' and 'endobj'</errorMessage>\n            </check>\n            <check status=\"failed\">\n              <context>root/indirectObjects[3](2 0)</context>\n              <errorMessage>Extra spacings or missing EOL characters around indirect object/generation number or keywords 'obj' and 'endobj'</errorMessage>\n            </check>\n            <check status=\"failed\">\n              <context>root/indirectObjects[4](1 0)</context>\n              <errorMessage>Extra spacings or missing EOL characters around indirect object/generation number or keywords 'obj' and 'endobj'</errorMessage>\n            </check>\n          </rule>\n          <rule specification=\"ISO 19005-1:2005\" clause=\"6.1.7\" testNumber=\"1\" status=\"failed\" failedChecks=\"1\">\n            <description>The value of the Length key specified in the stream dictionary shall match the number of bytes in the file following the LINE FEED character after the stream keyword and preceding the EOL marker before the endstream keyword</description>\n            <object>CosStream</object>\n            <test>Length == realLength</test>\n            <check status=\"failed\">\n              <context>root/indirectObjects[1](4 0)/directObject[0]</context>\n              <errorMessage>Actual length of the stream (63 byte(s)) does not match the value of the Length key in the Stream dictionary (68 byte(s))</errorMessage>\n            </check>\n          </rule>\n          <rule specification=\"ISO 19005-1:2005\" clause=\"6.2.3.3\" testNumber=\"3\" status=\"failed\" failedChecks=\"1\">\n            <description>If an uncalibrated colour space is used in a file then that file shall contain a PDF/A-1 OutputIntent, as defined in 6.2.2</description>\n            <object>PDDeviceGray</object>\n            <test>gOutputCS != null</test>\n            <check status=\"failed\">\n              <context>root/document[0]/pages[0](2 0 obj PDPage)/contentStream[0]/operators[3]/fillCS[0]</context>\n              <errorMessage>DeviceGray colour space is used without output intent profile</errorMessage>\n            </check>\n          </rule>\n        </details>\n      </validationReport>\n      <duration start=\"1762173344885\" finish=\"1762173345788\">00:00:00.903</duration>\n    </job>\n  </jobs>\n  <batchSummary totalJobs=\"1\" failedToParse=\"0\" encrypted=\"0\" outOfMemory=\"0\" veraExceptions=\"0\">\n    <validationReports compliant=\"0\" nonCompliant=\"1\" failedJobs=\"0\">1</validationReports>\n    <featureReports failedJobs=\"0\">0</featureReports>\n    <repairReports failedJobs=\"0\">0</repairReports>\n    <duration start=\"1762173344764\" finish=\"1762173345910\">00:00:01.146</duration>\n  </batchSummary>\n</report>\n","MIME type (:unav) with version (:unav) is not supported."],"notes":[]}
{"files":["corpus/file/cb497987-891c-46b6-a5a4-3c093c6e108f"],"analyses":[],"validator":"veraPDF","validatorVersion":"1.28.2","errorMessage":"","type":"","outputExample":["<?xml version=\"1.0\" encoding=\"utf-8\"?>\n<report>\n  <buildInformation>\n    <releaseDetails id=\"core\" version=\"1.28.2\" buildDate=\"2025-07-15T16:07:00+03:00\"></releaseDetails>\n    <releaseDetails id=\"validation-model\" version=\"1.28.2\" buildDate=\"2025-07-15T16:12:00+03:00\"></releaseDetails>\n    <releaseDetails id=\"gui\" version=\"1.28.2\" buildDate=\"2025-07-15T16:59:00+03:00\"></releaseDetails>\n  </buildInformation>\n  <jobs>\n    <job>\n      <item size=\"626\">\n        <name>/corpus/format-corpus/pdf-handbuilt-test-corpus/T04_002_EOF-missing.pdf</name>\n      </item>\n      <taskException type=\"PARSE\" isExecuted=\"true\" isSuccess=\"false\">\n        <duration start=\"1762173377656\" finish=\"1762173377761\">00:00:00.105</duration>\n        <exceptionMessage>Exception: Couldn't parse stream caused by exception: can not locate xref table</exceptionMessage>\n      </taskException>\n      <duration start=\"1762173377656\" finish=\"1762173377761\">00:00:00.105</duration>\n    </job>\n  </jobs>\n  <batchSummary totalJobs=\"1\" failedToParse=\"1\" encrypted=\"0\" outOfMemory=\"0\" veraExceptions=\"0\">\n    <validationReports compliant=\"0\" nonCompliant=\"0\" failedJobs=\"1\">1</validationReports>\n    <featureReports failedJobs=\"0\">0</featureReports>\n    <repairReports failedJobs=\"0\">0</repairReports>\n    <duration start=\"1762173377595\" finish=\"1762173377806\">00:00:00.211</duration>\n  </batchSummary>\n</report>\n","MIME type (:unav) with version (:unav) is not supported."],"notes":[]}
{"files":["corpus/file/5242b8fe-4325-4797-b900-e24fd1167c77"],"analyses":[],"validator":"veraPDF","validatorVersion":"1.28.2","errorMessage":"","type":"","outputExample":["<?xml version=\"1.0\" encoding=\"utf-8\"?>\n<report>\n  <buildInformation>\n    <releaseDetails id=\"core\" version=\"1.28.2\" buildDate=\"2025-07-15T16:07:00+03:00\"></releaseDetails>\n    <releaseDetails id=\"validation-model\" version=\"1.28.2\" buildDate=\"2025-07-15T16:12:00+03:00\"></releaseDetails>\n    <releaseDetails id=\"gui\" version=\"1.28.2\" buildDate=\"2025-07-15T16:59:00+03:00\"></releaseDetails>\n  </buildInformation>\n  <jobs>\n    <job>\n      <item size=\"628\">\n        <name>/corpus/format-corpus/pdf-handbuilt-test-corpus/T04_003_EOF-incomplete-EO.pdf</name>\n      </item>\n      <taskException type=\"PARSE\" isExecuted=\"true\" isSuccess=\"false\">\n        <duration start=\"1762173388058\" finish=\"1762173388164\">00:00:00.106</duration>\n        <exceptionMessage>Exception: Couldn't parse stream caused by exception: can not locate xref table</exceptionMessage>\n      </taskException>\n      <duration start=\"1762173388058\" finish=\"1762173388164\">00:00:00.106</duration>\n    </job>\n  </jobs>\n  <batchSummary totalJobs=\"1\" failedToParse=\"1\" encrypted=\"0\" outOfMemory=\"0\" veraExceptions=\"0\">\n    <validationReports compliant=\"0\" nonCompliant=\"0\" failedJobs=\"1\">1</validationReports>\n    <featureReports failedJobs=\"0\">0</featureReports>\n    <repairReports failedJobs=\"0\">0</repairReports>\n    <duration start=\"1762173388008\" finish=\"1762173388190\">00:00:00.182</duration>\n  </batchSummary>\n</report>\n","MIME type (:unav) with version (:unav) is not supported."],"notes":[]}
{"files":["corpus/file/970c2b5a-e884-4175-84de-e6a639764bc3"],"analyses":[],"validator":"veraPDF","validatorVersion":"1.28.2","errorMessage":"","type":"","outputExample":["<?xml version=\"1.0\" encoding=\"utf-8\"?>\n<report>\n  <buildInformation>\n    <releaseDetails id=\"core\" version=\"1.28.2\" buildDate=\"2025-07-15T16:07:00+03:00\"></releaseDetails>\n    <releaseDetails id=\"validation-model\" version=\"1.28.2\" buildDate=\"2025-07-15T16:12:00+03:00\"></releaseDetails>\n    <releaseDetails id=\"gui\" version=\"1.28.2\" buildDate=\"2025-07-15T16:59:00+03:00\"></releaseDetails>\n  </buildInformation>\n  <jobs>\n    <job>\n      <item size=\"629\">\n        <name>/corpus/format-corpus/pdf-handbuilt-test-corpus/T04_004_EOF-incomplete_EOF.pdf</name>\n      </item>\n      <taskException type=\"PARSE\" isExecuted=\"true\" isSuccess=\"false\">\n        <duration start=\"1762173395981\" finish=\"1762173396088\">00:00:00.107</duration>\n        <exceptionMessage>Exception: Couldn't parse stream caused by exception: can not locate xref table</exceptionMessage>\n      </taskException>\n      <duration start=\"1762173395981\" finish=\"1762173396088\">00:00:00.107</duration>\n    </job>\n  </jobs>\n  <batchSummary totalJobs=\"1\" failedToParse=\"1\" encrypted=\"0\" outOfMemory=\"0\" veraExceptions=\"0\">\n    <validationReports compliant=\"0\" nonCompliant=\"0\" failedJobs=\"1\">1</validationReports>\n    <featureReports failedJobs=\"0\">0</featureReports>\n    <repairReports failedJobs=\"0\">0</repairReports>\n    <duration start=\"1762173395949\" finish=\"1762173396123\">00:00:00.174</duration>\n  </batchSummary>\n</report>\n","MIME type (:unav) with version (:unav) is not supported."],"notes":[]}
{"files":["corpus/file/2b93ce4a-b660-4275-bcf3-9387c78bce7e"],"analyses":[],"validator":"veraPDF","validatorVersion":"1.28.2","errorMessage":"","type":"","outputExample":["<?xml version=\"1.0\" encoding=\"utf-8\"?>\n<report>\n  <buildInformation>\n    <releaseDetails id=\"core\" version=\"1.28.2\" buildDate=\"2025-07-15T16:07:00+03:00\"></releaseDetails>\n    <releaseDetails id=\"validation-model\" version=\"1.28.2\" buildDate=\"2025-07-15T16:12:00+03:00\"></releaseDetails>\n    <releaseDetails id=\"gui\" version=\"1.28.2\" buildDate=\"2025-07-15T16:59:00+03:00\"></releaseDetails>\n  </buildInformation>\n  <jobs>\n    <job>\n      <item size=\"698427\">\n        <name>/corpus/format-corpus/pdfCabinetOfHorrors/balloon_a1b_jp2k.pdf</name>\n      </item>\n      <validationReport jobEndStatus=\"normal\" profileName=\"PDF/A-1B validation profile\" statement=\"PDF file is not compliant with Validation Profile requirements.\" isCompliant=\"false\">\n        <details passedRules=\"125\" failedRules=\"4\" passedChecks=\"284\" failedChecks=\"13\">\n          <rule specification=\"ISO 19005-1:2005\" clause=\"6.1.8\" testNumber=\"1\" status=\"failed\" failedChecks=\"10\">\n            <description>The object number and generation number shall be separated by a single white-space character. The generation number and obj keyword shall be separated by a single white-space character. The object number and endobj keyword shall each be preceded by an EOL marker. The obj and endobj keywords shall each be followed by an EOL marker</description>\n            <object>CosIndirect</object>\n            <test>spacingCompliesPDFA</test>\n            <check status=\"failed\">\n              <context>root/indirectObjects[0](10 0)</context>\n              <errorMessage>Extra spacings or missing EOL characters around indirect object/generation number or keywords 'obj' and 'endobj'</errorMessage>\n            </check>\n            <check status=\"failed\">\n              <context>root/indirectObjects[1](9 0)</context>\n              <errorMessage>Extra spacings or missing EOL characters around indirect object/generation number or keywords 'obj' and 'endobj'</errorMessage>\n            </check>\n            <check status=\"failed\">\n              <context>root/indirectObjects[2](8 0)</context>\n              <errorMessage>Extra spacings or missing EOL characters around indirect object/generation number or keywords 'obj' and 'endobj'</errorMessage>\n            </check>\n            <check status=\"failed\">\n              <context>root/indirectObjects[3](7 0)</context>\n              <errorMessage>Extra spacings or missing EOL characters around indirect object/generation number or keywords 'obj' and 'endobj'</errorMessage>\n            </check>\n            <check status=\"failed\">\n              <context>root/indirectObjects[4](6 0)</context>\n              <errorMessage>Extra spacings or missing EOL characters around indirect object/generation number or keywords 'obj' and 'endobj'</errorMessage>\n            </check>\n            <check status=\"failed\">\n              <context>root/indirectObjects[5](5 0)</context>\n              <errorMessage>Extra spacings or missing EOL characters around indirect object/generation number or keywords 'obj' and 'endobj'</errorMessage>\n            </check>\n            <check status=\"failed\">\n              <context>root/indirectObjects[6](4 0)</context>\n              <errorMessage>Extra spacings or missing EOL characters around indirect object/generation number or keywords 'obj' and 'endobj'</errorMessage>\n            </check>\n            <check status=\"failed\">\n              <context>root/indirectObjects[7](3 0)</context>\n              <errorMessage>Extra spacings or missing EOL characters around indirect object/generation number or keywords 'obj' and 'endobj'</errorMessage>\n            </check>\n            <check status=\"failed\">\n              <context>root/indirectObjects[8](2 0)</context>\n              <errorMessage>Extra spacings or missing EOL characters around indirect object/generation number or keywords 'obj' and 'endobj'</errorMessage>\n            </check>\n            <check status=\"failed\">\n              <context>root/indirectObjects[9](1 0)</context>\n              <errorMessage>Extra spacings or missing EOL characters around indirect object/generation number or keywords 'obj' and 'endobj'</errorMessage>\n            </check>\n          </rule>\n          <rule specification=\"ISO 19005-1:2005\" clause=\"6.7.3\" testNumber=\"1\" status=\"failed\" failedChecks=\"1\">\n            <description>The value of CreationDate entry from the document information dictionary, if present, and its analogous XMP property \"xmp:CreateDate\" shall be equivalent</description>\n            <object>CosInfo</object>\n            <test>doCreationDatesMatch != false</test>\n            <check status=\"failed\">\n              <context>root/trailer[0]/Info[0]</context>\n              <errorMessage>The value of CreationDate entry from the document Info dictionary and its matching XMP property \"xmp:CreateDate\" are not equivalent (Info /CreationDate = D:20160304182438, XMP xmp:CreateDate = 2016-03-04T19:40:39.000+02)</errorMessage>\n            </check>\n          </rule>\n          <rule specification=\"ISO 19005-1:2005\" clause=\"6.2.3.3\" testNumber=\"1\" status=\"failed\" failedChecks=\"1\">\n            <description>DeviceRGB may be used only if the file has a PDF/A-1 OutputIntent that uses an RGB colour space</description>\n            <object>PDDeviceRGB</object>\n            <test>gOutputCS != null &amp;&amp; gOutputCS == \"RGB \"</test>\n            <check status=\"failed\">\n              <context>root/document[0]/pages[0](4 0 obj PDPage)/contentStream[0](7 0 obj PDContentStream)/operators[2]/xObject[0](6 0 obj PDXImage)/imageCS[0]</context>\n              <errorMessage>DeviceRGB colour space is used without RGB output intent profile</errorMessage>\n            </check>\n          </rule>\n          <rule specification=\"ISO 19005-1:2005\" clause=\"6.7.3\" testNumber=\"8\" status=\"failed\" failedChecks=\"1\">\n            <description>The value of ModDate entry from the document information dictionary, if present, and its analogous XMP property \"xmp:ModifyDate\" shall be equivalent</description>\n            <object>CosInfo</object>\n            <test>doModDatesMatch != false</test>\n            <check status=\"failed\">\n              <context>root/trailer[0]/Info[0]</context>\n              <errorMessage>The value of ModDate entry from the document Info dictionary and its matching XMP property \"xmp:ModifyDate\" are not equivalent (Info /ModDate = D:20160304182438, XMP xmp:ModifyDate = 2016-03-04T19:40:39.000+02)</errorMessage>\n            </check>\n          </rule>\n        </details>\n      </validationReport>\n      <duration start=\"1762173441366\" finish=\"1762173442339\">00:00:00.973</duration>\n    </job>\n  </jobs>\n  <batchSummary totalJobs=\"1\" failedToParse=\"0\" encrypted=\"0\" outOfMemory=\"0\" veraExceptions=\"0\">\n    <validationReports compliant=\"0\" nonCompliant=\"1\" failedJobs=\"0\">1</validationReports>\n    <featureReports failedJobs=\"0\">0</featureReports>\n    <repairReports failedJobs=\"0\">0</repairReports>\n    <duration start=\"1762173441073\" finish=\"1762173442402\">00:00:01.329</duration>\n  </batchSummary>\n</report>\n","MIME type (:unav) with version (:unav) is not supported."],"notes":[]}
{"files":["corpus/file/69b8f89f-5d88-4692-8115-23d0d63ba270"],"analyses":[],"validator":"veraPDF","validatorVersion":"1.28.2","errorMessage":"","type":"","outputExample":["<?xml version=\"1.0\" encoding=\"utf-8\"?>\n<report>\n  <buildInformation>\n    <releaseDetails id=\"core\" version=\"1.28.2\" buildDate=\"2025-07-15T16:07:00+03:00\"></releaseDetails>\n    <releaseDetails id=\"validation-model\" version=\"1.28.2\" buildDate=\"2025-07-15T16:12:00+03:00\"></releaseDetails>\n    <releaseDetails id=\"gui\" version=\"1.28.2\" buildDate=\"2025-07-15T16:59:00+03:00\"></releaseDetails>\n  </buildInformation>\n  <jobs>\n    <job>\n      <item size=\"39512\">\n        <name>/corpus/format-corpus/pdfCabinetOfHorrors/corruptionOneByteMissing.pdf</name>\n      </item>\n      <taskException type=\"PARSE\" isExecuted=\"true\" isSuccess=\"false\">\n        <duration start=\"1762173452722\" finish=\"1762173452853\">00:00:00.131</duration>\n        <exceptionMessage>Exception: Couldn't parse stream caused by exception: Pages not found</exceptionMessage>\n      </taskException>\n      <duration start=\"1762173452722\" finish=\"1762173452853\">00:00:00.131</duration>\n    </job>\n  </jobs>\n  <batchSummary totalJobs=\"1\" failedToParse=\"1\" encrypted=\"0\" outOfMemory=\"0\" veraExceptions=\"0\">\n    <validationReports compliant=\"0\" nonCompliant=\"0\" failedJobs=\"1\">1</validationReports>\n    <featureReports failedJobs=\"0\">0</featureReports>\n    <repairReports failedJobs=\"0\">0</repairReports>\n    <duration start=\"1762173452695\" finish=\"1762173452875\">00:00:00.180</duration>\n  </batchSummary>\n</report>\n","MIME type (:unav) with version (:unav) is not supported."],"notes":[]}
